This is pdfTeX, Version 3.14159265-2.6-1.40.15 (TeX Live 2014) (preloaded format=pdflatex 2014.12.16)  3 APR 2015 19:35
entering extended mode
 restricted \write18 enabled.
 %&-line parsing enabled.
**thesis.tex
(./thesis.tex
LaTeX2e <2014/05/01>
Babel <3.9k> and hyphenation patterns for 78 languages loaded.
(./Thesis.cls
Document Class: Thesis 2007/22/02 v1.0 LaTeX document class
(/usr/local/texlive/2014/texmf-dist/tex/latex/base/book.cls
Document Class: book 2007/10/19 v1.4h Standard LaTeX document class
(/usr/local/texlive/2014/texmf-dist/tex/latex/base/bk11.clo
File: bk11.clo 2007/10/19 v1.4h Standard LaTeX file (size option)
)
\c@part=\count79
\c@chapter=\count80
\c@section=\count81
\c@subsection=\count82
\c@subsubsection=\count83
\c@paragraph=\count84
\c@subparagraph=\count85
\c@figure=\count86
\c@table=\count87
\abovecaptionskip=\skip41
\belowcaptionskip=\skip42
\bibindent=\dimen102
)
(/usr/local/texlive/2014/texmf-dist/tex/latex/setspace/setspace.sty
Package: setspace 2011/12/19 v6.7a set line spacing
)
(/usr/local/texlive/2014/texmf-dist/tex/latex/vmargin/vmargin.sty
Package: vmargin 2004/07/15 V2.5 set document margins (VK)

Package: vmargin 2004/07/15 V2.5 set document margins (VK)
\PaperWidth=\dimen103
\PaperHeight=\dimen104
) (/usr/local/texlive/2014/texmf-dist/tex/latex/base/inputenc.sty
Package: inputenc 2014/04/30 v1.2b Input encoding file
\inpenc@prehook=\toks14
\inpenc@posthook=\toks15

(/usr/local/texlive/2014/texmf-dist/tex/latex/base/utf8.def
File: utf8.def 2008/04/05 v1.1m UTF-8 support for inputenc
Now handling font encoding OML ...
... no UTF-8 mapping file for font encoding OML
Now handling font encoding T1 ...
... processing UTF-8 mapping file for font encoding T1

(/usr/local/texlive/2014/texmf-dist/tex/latex/base/t1enc.dfu
File: t1enc.dfu 2008/04/05 v1.1m UTF-8 support for inputenc
   defining Unicode char U+00A1 (decimal 161)
   defining Unicode char U+00A3 (decimal 163)
   defining Unicode char U+00AB (decimal 171)
   defining Unicode char U+00BB (decimal 187)
   defining Unicode char U+00BF (decimal 191)
   defining Unicode char U+00C0 (decimal 192)
   defining Unicode char U+00C1 (decimal 193)
   defining Unicode char U+00C2 (decimal 194)
   defining Unicode char U+00C3 (decimal 195)
   defining Unicode char U+00C4 (decimal 196)
   defining Unicode char U+00C5 (decimal 197)
   defining Unicode char U+00C6 (decimal 198)
   defining Unicode char U+00C7 (decimal 199)
   defining Unicode char U+00C8 (decimal 200)
   defining Unicode char U+00C9 (decimal 201)
   defining Unicode char U+00CA (decimal 202)
   defining Unicode char U+00CB (decimal 203)
   defining Unicode char U+00CC (decimal 204)
   defining Unicode char U+00CD (decimal 205)
   defining Unicode char U+00CE (decimal 206)
   defining Unicode char U+00CF (decimal 207)
   defining Unicode char U+00D0 (decimal 208)
   defining Unicode char U+00D1 (decimal 209)
   defining Unicode char U+00D2 (decimal 210)
   defining Unicode char U+00D3 (decimal 211)
   defining Unicode char U+00D4 (decimal 212)
   defining Unicode char U+00D5 (decimal 213)
   defining Unicode char U+00D6 (decimal 214)
   defining Unicode char U+00D8 (decimal 216)
   defining Unicode char U+00D9 (decimal 217)
   defining Unicode char U+00DA (decimal 218)
   defining Unicode char U+00DB (decimal 219)
   defining Unicode char U+00DC (decimal 220)
   defining Unicode char U+00DD (decimal 221)
   defining Unicode char U+00DE (decimal 222)
   defining Unicode char U+00DF (decimal 223)
   defining Unicode char U+00E0 (decimal 224)
   defining Unicode char U+00E1 (decimal 225)
   defining Unicode char U+00E2 (decimal 226)
   defining Unicode char U+00E3 (decimal 227)
   defining Unicode char U+00E4 (decimal 228)
   defining Unicode char U+00E5 (decimal 229)
   defining Unicode char U+00E6 (decimal 230)
   defining Unicode char U+00E7 (decimal 231)
   defining Unicode char U+00E8 (decimal 232)
   defining Unicode char U+00E9 (decimal 233)
   defining Unicode char U+00EA (decimal 234)
   defining Unicode char U+00EB (decimal 235)
   defining Unicode char U+00EC (decimal 236)
   defining Unicode char U+00ED (decimal 237)
   defining Unicode char U+00EE (decimal 238)
   defining Unicode char U+00EF (decimal 239)
   defining Unicode char U+00F0 (decimal 240)
   defining Unicode char U+00F1 (decimal 241)
   defining Unicode char U+00F2 (decimal 242)
   defining Unicode char U+00F3 (decimal 243)
   defining Unicode char U+00F4 (decimal 244)
   defining Unicode char U+00F5 (decimal 245)
   defining Unicode char U+00F6 (decimal 246)
   defining Unicode char U+00F8 (decimal 248)
   defining Unicode char U+00F9 (decimal 249)
   defining Unicode char U+00FA (decimal 250)
   defining Unicode char U+00FB (decimal 251)
   defining Unicode char U+00FC (decimal 252)
   defining Unicode char U+00FD (decimal 253)
   defining Unicode char U+00FE (decimal 254)
   defining Unicode char U+00FF (decimal 255)
   defining Unicode char U+0102 (decimal 258)
   defining Unicode char U+0103 (decimal 259)
   defining Unicode char U+0104 (decimal 260)
   defining Unicode char U+0105 (decimal 261)
   defining Unicode char U+0106 (decimal 262)
   defining Unicode char U+0107 (decimal 263)
   defining Unicode char U+010C (decimal 268)
   defining Unicode char U+010D (decimal 269)
   defining Unicode char U+010E (decimal 270)
   defining Unicode char U+010F (decimal 271)
   defining Unicode char U+0110 (decimal 272)
   defining Unicode char U+0111 (decimal 273)
   defining Unicode char U+0118 (decimal 280)
   defining Unicode char U+0119 (decimal 281)
   defining Unicode char U+011A (decimal 282)
   defining Unicode char U+011B (decimal 283)
   defining Unicode char U+011E (decimal 286)
   defining Unicode char U+011F (decimal 287)
   defining Unicode char U+0130 (decimal 304)
   defining Unicode char U+0131 (decimal 305)
   defining Unicode char U+0132 (decimal 306)
   defining Unicode char U+0133 (decimal 307)
   defining Unicode char U+0139 (decimal 313)
   defining Unicode char U+013A (decimal 314)
   defining Unicode char U+013D (decimal 317)
   defining Unicode char U+013E (decimal 318)
   defining Unicode char U+0141 (decimal 321)
   defining Unicode char U+0142 (decimal 322)
   defining Unicode char U+0143 (decimal 323)
   defining Unicode char U+0144 (decimal 324)
   defining Unicode char U+0147 (decimal 327)
   defining Unicode char U+0148 (decimal 328)
   defining Unicode char U+014A (decimal 330)
   defining Unicode char U+014B (decimal 331)
   defining Unicode char U+0150 (decimal 336)
   defining Unicode char U+0151 (decimal 337)
   defining Unicode char U+0152 (decimal 338)
   defining Unicode char U+0153 (decimal 339)
   defining Unicode char U+0154 (decimal 340)
   defining Unicode char U+0155 (decimal 341)
   defining Unicode char U+0158 (decimal 344)
   defining Unicode char U+0159 (decimal 345)
   defining Unicode char U+015A (decimal 346)
   defining Unicode char U+015B (decimal 347)
   defining Unicode char U+015E (decimal 350)
   defining Unicode char U+015F (decimal 351)
   defining Unicode char U+0160 (decimal 352)
   defining Unicode char U+0161 (decimal 353)
   defining Unicode char U+0162 (decimal 354)
   defining Unicode char U+0163 (decimal 355)
   defining Unicode char U+0164 (decimal 356)
   defining Unicode char U+0165 (decimal 357)
   defining Unicode char U+016E (decimal 366)
   defining Unicode char U+016F (decimal 367)
   defining Unicode char U+0170 (decimal 368)
   defining Unicode char U+0171 (decimal 369)
   defining Unicode char U+0178 (decimal 376)
   defining Unicode char U+0179 (decimal 377)
   defining Unicode char U+017A (decimal 378)
   defining Unicode char U+017B (decimal 379)
   defining Unicode char U+017C (decimal 380)
   defining Unicode char U+017D (decimal 381)
   defining Unicode char U+017E (decimal 382)
   defining Unicode char U+200C (decimal 8204)
   defining Unicode char U+2013 (decimal 8211)
   defining Unicode char U+2014 (decimal 8212)
   defining Unicode char U+2018 (decimal 8216)
   defining Unicode char U+2019 (decimal 8217)
   defining Unicode char U+201A (decimal 8218)
   defining Unicode char U+201C (decimal 8220)
   defining Unicode char U+201D (decimal 8221)
   defining Unicode char U+201E (decimal 8222)
   defining Unicode char U+2030 (decimal 8240)
   defining Unicode char U+2031 (decimal 8241)
   defining Unicode char U+2039 (decimal 8249)
   defining Unicode char U+203A (decimal 8250)
   defining Unicode char U+2423 (decimal 9251)
)
Now handling font encoding OT1 ...
... processing UTF-8 mapping file for font encoding OT1

(/usr/local/texlive/2014/texmf-dist/tex/latex/base/ot1enc.dfu
File: ot1enc.dfu 2008/04/05 v1.1m UTF-8 support for inputenc
   defining Unicode char U+00A1 (decimal 161)
   defining Unicode char U+00A3 (decimal 163)
   defining Unicode char U+00B8 (decimal 184)
   defining Unicode char U+00BF (decimal 191)
   defining Unicode char U+00C5 (decimal 197)
   defining Unicode char U+00C6 (decimal 198)
   defining Unicode char U+00D8 (decimal 216)
   defining Unicode char U+00DF (decimal 223)
   defining Unicode char U+00E6 (decimal 230)
   defining Unicode char U+00EC (decimal 236)
   defining Unicode char U+00ED (decimal 237)
   defining Unicode char U+00EE (decimal 238)
   defining Unicode char U+00EF (decimal 239)
   defining Unicode char U+00F8 (decimal 248)
   defining Unicode char U+0131 (decimal 305)
   defining Unicode char U+0141 (decimal 321)
   defining Unicode char U+0142 (decimal 322)
   defining Unicode char U+0152 (decimal 338)
   defining Unicode char U+0153 (decimal 339)
   defining Unicode char U+2013 (decimal 8211)
   defining Unicode char U+2014 (decimal 8212)
   defining Unicode char U+2018 (decimal 8216)
   defining Unicode char U+2019 (decimal 8217)
   defining Unicode char U+201C (decimal 8220)
   defining Unicode char U+201D (decimal 8221)
)
Now handling font encoding OMS ...
... processing UTF-8 mapping file for font encoding OMS

(/usr/local/texlive/2014/texmf-dist/tex/latex/base/omsenc.dfu
File: omsenc.dfu 2008/04/05 v1.1m UTF-8 support for inputenc
   defining Unicode char U+00A7 (decimal 167)
   defining Unicode char U+00B6 (decimal 182)
   defining Unicode char U+00B7 (decimal 183)
   defining Unicode char U+2020 (decimal 8224)
   defining Unicode char U+2021 (decimal 8225)
   defining Unicode char U+2022 (decimal 8226)
)
Now handling font encoding OMX ...
... no UTF-8 mapping file for font encoding OMX
Now handling font encoding U ...
... no UTF-8 mapping file for font encoding U
   defining Unicode char U+00A9 (decimal 169)
   defining Unicode char U+00AA (decimal 170)
   defining Unicode char U+00AE (decimal 174)
   defining Unicode char U+00BA (decimal 186)
   defining Unicode char U+02C6 (decimal 710)
   defining Unicode char U+02DC (decimal 732)
   defining Unicode char U+200C (decimal 8204)
   defining Unicode char U+2026 (decimal 8230)
   defining Unicode char U+2122 (decimal 8482)
   defining Unicode char U+2423 (decimal 9251)
))
(/usr/local/texlive/2014/texmf-dist/tex/latex/fancyhdr/fancyhdr.sty
\fancy@headwidth=\skip43
\f@ncyO@elh=\skip44
\f@ncyO@erh=\skip45
\f@ncyO@olh=\skip46
\f@ncyO@orh=\skip47
\f@ncyO@elf=\skip48
\f@ncyO@erf=\skip49
\f@ncyO@olf=\skip50
\f@ncyO@orf=\skip51
)
(/usr/local/texlive/2014/texmf-dist/tex/latex/amsmath/amsmath.sty
Package: amsmath 2013/01/14 v2.14 AMS math features
\@mathmargin=\skip52

For additional information on amsmath, use the `?' option.
(/usr/local/texlive/2014/texmf-dist/tex/latex/amsmath/amstext.sty
Package: amstext 2000/06/29 v2.01

(/usr/local/texlive/2014/texmf-dist/tex/latex/amsmath/amsgen.sty
File: amsgen.sty 1999/11/30 v2.0
\@emptytoks=\toks16
\ex@=\dimen105
))
(/usr/local/texlive/2014/texmf-dist/tex/latex/amsmath/amsbsy.sty
Package: amsbsy 1999/11/29 v1.2d
\pmbraise@=\dimen106
)
(/usr/local/texlive/2014/texmf-dist/tex/latex/amsmath/amsopn.sty
Package: amsopn 1999/12/14 v2.01 operator names
)
\inf@bad=\count88
LaTeX Info: Redefining \frac on input line 210.
\uproot@=\count89
\leftroot@=\count90
LaTeX Info: Redefining \overline on input line 306.
\classnum@=\count91
\DOTSCASE@=\count92
LaTeX Info: Redefining \ldots on input line 378.
LaTeX Info: Redefining \dots on input line 381.
LaTeX Info: Redefining \cdots on input line 466.
\Mathstrutbox@=\box26
\strutbox@=\box27
\big@size=\dimen107
LaTeX Font Info:    Redeclaring font encoding OML on input line 566.
LaTeX Font Info:    Redeclaring font encoding OMS on input line 567.
\macc@depth=\count93
\c@MaxMatrixCols=\count94
\dotsspace@=\muskip10
\c@parentequation=\count95
\dspbrk@lvl=\count96
\tag@help=\toks17
\row@=\count97
\column@=\count98
\maxfields@=\count99
\andhelp@=\toks18
\eqnshift@=\dimen108
\alignsep@=\dimen109
\tagshift@=\dimen110
\tagwidth@=\dimen111
\totwidth@=\dimen112
\lineht@=\dimen113
\@envbody=\toks19
\multlinegap=\skip53
\multlinetaggap=\skip54
\mathdisplay@stack=\toks20
LaTeX Info: Redefining \[ on input line 2665.
LaTeX Info: Redefining \] on input line 2666.
)
(/usr/local/texlive/2014/texmf-dist/tex/latex/amsfonts/amsfonts.sty
Package: amsfonts 2013/01/14 v3.01 Basic AMSFonts support
\symAMSa=\mathgroup4
\symAMSb=\mathgroup5
LaTeX Font Info:    Overwriting math alphabet `\mathfrak' in version `bold'
(Font)                  U/euf/m/n --> U/euf/b/n on input line 106.
)
(/usr/local/texlive/2014/texmf-dist/tex/latex/amsfonts/amssymb.sty
Package: amssymb 2013/01/14 v3.01 AMS font symbols
)
(/usr/local/texlive/2014/texmf-dist/tex/latex/amsmath/amscd.sty
Package: amscd 1999/11/29 v2.0
\athelp@=\toks21
\minaw@=\dimen114
\bigaw@=\dimen115
\minCDarrowwidth=\dimen116
)
(/usr/local/texlive/2014/texmf-dist/tex/latex/amscls/amsthm.sty
Package: amsthm 2004/08/06 v2.20
\thm@style=\toks22
\thm@bodyfont=\toks23
\thm@headfont=\toks24
\thm@notefont=\toks25
\thm@headpunct=\toks26
\thm@preskip=\skip55
\thm@postskip=\skip56
\thm@headsep=\skip57
\dth@everypar=\toks27
)
(/usr/local/texlive/2014/texmf-dist/tex/latex/tools/xspace.sty
Package: xspace 2009/10/20 v1.13 Space after command names (DPC,MH)
)
\c@example=\count100
\c@theorem=\count101

(/usr/local/texlive/2014/texmf-dist/tex/latex/caption/caption.sty
Package: caption 2013/05/02 v3.3-89 Customizing captions (AR)

(/usr/local/texlive/2014/texmf-dist/tex/latex/caption/caption3.sty
Package: caption3 2013/05/02 v1.6-88 caption3 kernel (AR)
Package caption3 Info: TeX engine: e-TeX on input line 57.

(/usr/local/texlive/2014/texmf-dist/tex/latex/graphics/keyval.sty
Package: keyval 2014/05/08 v1.15 key=value parser (DPC)
\KV@toks@=\toks28
)
\captionmargin=\dimen117
\captionmargin@=\dimen118
\captionwidth=\dimen119
\caption@tempdima=\dimen120
\caption@indent=\dimen121
\caption@parindent=\dimen122
\caption@hangindent=\dimen123
)
\c@ContinuedFloat=\count102
)
(/usr/local/texlive/2014/texmf-dist/tex/latex/graphics/graphicx.sty
Package: graphicx 2014/04/25 v1.0g Enhanced LaTeX Graphics (DPC,SPQR)

(/usr/local/texlive/2014/texmf-dist/tex/latex/graphics/graphics.sty
Package: graphics 2009/02/05 v1.0o Standard LaTeX Graphics (DPC,SPQR)

(/usr/local/texlive/2014/texmf-dist/tex/latex/graphics/trig.sty
Package: trig 1999/03/16 v1.09 sin cos tan (DPC)
)
(/usr/local/texlive/2014/texmf-dist/tex/latex/latexconfig/graphics.cfg
File: graphics.cfg 2010/04/23 v1.9 graphics configuration of TeX Live
)
Package graphics Info: Driver file: pdftex.def on input line 91.

(/usr/local/texlive/2014/texmf-dist/tex/latex/pdftex-def/pdftex.def
File: pdftex.def 2011/05/27 v0.06d Graphics/color for pdfTeX

(/usr/local/texlive/2014/texmf-dist/tex/generic/oberdiek/infwarerr.sty
Package: infwarerr 2010/04/08 v1.3 Providing info/warning/error messages (HO)
)
(/usr/local/texlive/2014/texmf-dist/tex/generic/oberdiek/ltxcmds.sty
Package: ltxcmds 2011/11/09 v1.22 LaTeX kernel commands for general use (HO)
)
\Gread@gobject=\count103
))
\Gin@req@height=\dimen124
\Gin@req@width=\dimen125
)
(/usr/local/texlive/2014/texmf-dist/tex/latex/oberdiek/epstopdf.sty
Package: epstopdf 2010/02/09 v2.5 Conversion with epstopdf on the fly (HO)

(/usr/local/texlive/2014/texmf-dist/tex/latex/oberdiek/epstopdf-base.sty
Package: epstopdf-base 2010/02/09 v2.5 Base part for package epstopdf

(/usr/local/texlive/2014/texmf-dist/tex/latex/oberdiek/grfext.sty
Package: grfext 2010/08/19 v1.1 Manage graphics extensions (HO)

(/usr/local/texlive/2014/texmf-dist/tex/generic/oberdiek/kvdefinekeys.sty
Package: kvdefinekeys 2011/04/07 v1.3 Define keys (HO)
))
(/usr/local/texlive/2014/texmf-dist/tex/latex/oberdiek/kvoptions.sty
Package: kvoptions 2011/06/30 v3.11 Key value format for package options (HO)

(/usr/local/texlive/2014/texmf-dist/tex/generic/oberdiek/kvsetkeys.sty
Package: kvsetkeys 2012/04/25 v1.16 Key value parser (HO)

(/usr/local/texlive/2014/texmf-dist/tex/generic/oberdiek/etexcmds.sty
Package: etexcmds 2011/02/16 v1.5 Avoid name clashes with e-TeX commands (HO)

(/usr/local/texlive/2014/texmf-dist/tex/generic/oberdiek/ifluatex.sty
Package: ifluatex 2010/03/01 v1.3 Provides the ifluatex switch (HO)
Package ifluatex Info: LuaTeX not detected.
)
Package etexcmds Info: Could not find \expanded.
(etexcmds)             That can mean that you are not using pdfTeX 1.50 or
(etexcmds)             that some package has redefined \expanded.
(etexcmds)             In the latter case, load this package earlier.
)))
(/usr/local/texlive/2014/texmf-dist/tex/generic/oberdiek/pdftexcmds.sty
Package: pdftexcmds 2011/11/29 v0.20 Utility functions of pdfTeX for LuaTeX (HO
)

(/usr/local/texlive/2014/texmf-dist/tex/generic/oberdiek/ifpdf.sty
Package: ifpdf 2011/01/30 v2.3 Provides the ifpdf switch (HO)
Package ifpdf Info: pdfTeX in PDF mode is detected.
)
Package pdftexcmds Info: LuaTeX not detected.
Package pdftexcmds Info: \pdf@primitive is available.
Package pdftexcmds Info: \pdf@ifprimitive is available.
Package pdftexcmds Info: \pdfdraftmode found.
)
Package grfext Info: Graphics extension search list:
(grfext)             [.png,.pdf,.jpg,.mps,.jpeg,.jbig2,.jb2,.PNG,.PDF,.JPG,.JPE
G,.JBIG2,.JB2,.eps]
(grfext)             \AppendGraphicsExtensions on input line 452.

(/usr/local/texlive/2014/texmf-dist/tex/latex/latexconfig/epstopdf-sys.cfg
File: epstopdf-sys.cfg 2010/07/13 v1.3 Configuration of (r)epstopdf for TeX Liv
e
)))
(/usr/local/texlive/2014/texmf-dist/tex/latex/booktabs/booktabs.sty
Package: booktabs 2005/04/14 v1.61803 publication quality tables
\heavyrulewidth=\dimen126
\lightrulewidth=\dimen127
\cmidrulewidth=\dimen128
\belowrulesep=\dimen129
\belowbottomsep=\dimen130
\aboverulesep=\dimen131
\abovetopsep=\dimen132
\cmidrulesep=\dimen133
\cmidrulekern=\dimen134
\defaultaddspace=\dimen135
\@cmidla=\count104
\@cmidlb=\count105
\@aboverulesep=\dimen136
\@belowrulesep=\dimen137
\@thisruleclass=\count106
\@lastruleclass=\count107
\@thisrulewidth=\dimen138
)
(/usr/local/texlive/2014/texmf-dist/tex/latex/rotating/rotating.sty
Package: rotating 2009/03/28 v2.16a rotated objects in LaTeX

(/usr/local/texlive/2014/texmf-dist/tex/latex/base/ifthen.sty
Package: ifthen 2001/05/26 v1.1c Standard LaTeX ifthen package (DPC)
)
\c@r@tfl@t=\count108
\rotFPtop=\skip58
\rotFPbot=\skip59
\rot@float@box=\box28
\rot@mess@toks=\toks29
)
(/usr/local/texlive/2014/texmf-dist/tex/latex/listings/listings.sty
\lst@mode=\count109
\lst@gtempboxa=\box29
\lst@token=\toks30
\lst@length=\count110
\lst@currlwidth=\dimen139
\lst@column=\count111
\lst@pos=\count112
\lst@lostspace=\dimen140
\lst@width=\dimen141
\lst@newlines=\count113
\lst@lineno=\count114
\lst@maxwidth=\dimen142

(./lstpatch.sty

***
*** This is a patch for listings 1.3, but you're using
*** version 1.5c.
***
*** Patch file not loaded.
***

) (/usr/local/texlive/2014/texmf-dist/tex/latex/listings/lstmisc.sty
File: lstmisc.sty 2014/03/04 1.5c (Carsten Heinz)
\c@lstnumber=\count115
\lst@skipnumbers=\count116
\lst@framebox=\box30
)
(/usr/local/texlive/2014/texmf-dist/tex/latex/listings/listings.cfg
File: listings.cfg 2014/03/04 1.5c listings configuration
))
Package: listings 2014/03/04 1.5c (Carsten Heinz)

(./lstpatch.sty

***
*** This is a patch for listings 1.3, but you're using
*** version 1.5c.
***
 *** Patch file not loaded.
***

) (/usr/local/texlive/2014/texmf-dist/tex/latex/hyperref/hyperref.sty
Package: hyperref 2012/11/06 v6.83m Hypertext links for LaTeX

(/usr/local/texlive/2014/texmf-dist/tex/generic/oberdiek/hobsub-hyperref.sty
Package: hobsub-hyperref 2012/05/28 v1.13 Bundle oberdiek, subset hyperref (HO)


(/usr/local/texlive/2014/texmf-dist/tex/generic/oberdiek/hobsub-generic.sty
Package: hobsub-generic 2012/05/28 v1.13 Bundle oberdiek, subset generic (HO)
Package: hobsub 2012/05/28 v1.13 Construct package bundles (HO)
Package hobsub Info: Skipping package `infwarerr' (already loaded).
Package hobsub Info: Skipping package `ltxcmds' (already loaded).
Package hobsub Info: Skipping package `ifluatex' (already loaded).
Package: ifvtex 2010/03/01 v1.5 Detect VTeX and its facilities (HO)
Package ifvtex Info: VTeX not detected.
Package: intcalc 2007/09/27 v1.1 Expandable calculations with integers (HO)
Package hobsub Info: Skipping package `ifpdf' (already loaded).
Package hobsub Info: Skipping package `etexcmds' (already loaded).
Package hobsub Info: Skipping package `kvsetkeys' (already loaded).
Package hobsub Info: Skipping package `kvdefinekeys' (already loaded).
Package hobsub Info: Skipping package `pdftexcmds' (already loaded).
Package: pdfescape 2011/11/25 v1.13 Implements pdfTeX's escape features (HO)
Package: bigintcalc 2012/04/08 v1.3 Expandable calculations on big integers (HO
)
Package: bitset 2011/01/30 v1.1 Handle bit-vector datatype (HO)
Package: uniquecounter 2011/01/30 v1.2 Provide unlimited unique counter (HO)
)
Package hobsub Info: Skipping package `hobsub' (already loaded).
Package: letltxmacro 2010/09/02 v1.4 Let assignment for LaTeX macros (HO)
Package: hopatch 2012/05/28 v1.2 Wrapper for package hooks (HO)
Package: xcolor-patch 2011/01/30 xcolor patch
Package: atveryend 2011/06/30 v1.8 Hooks at the very end of document (HO)
Package atveryend Info: \enddocument detected (standard20110627).
Package: atbegshi 2011/10/05 v1.16 At begin shipout hook (HO)
Package: refcount 2011/10/16 v3.4 Data extraction from label references (HO)
Package: hycolor 2011/01/30 v1.7 Color options for hyperref/bookmark (HO)
)
(/usr/local/texlive/2014/texmf-dist/tex/generic/ifxetex/ifxetex.sty
Package: ifxetex 2010/09/12 v0.6 Provides ifxetex conditional
)
(/usr/local/texlive/2014/texmf-dist/tex/latex/oberdiek/auxhook.sty
Package: auxhook 2011/03/04 v1.3 Hooks for auxiliary files (HO)
)
\@linkdim=\dimen143
\Hy@linkcounter=\count117
\Hy@pagecounter=\count118

(/usr/local/texlive/2014/texmf-dist/tex/latex/hyperref/pd1enc.def
File: pd1enc.def 2012/11/06 v6.83m Hyperref: PDFDocEncoding definition (HO)
Now handling font encoding PD1 ...
... no UTF-8 mapping file for font encoding PD1
)
\Hy@SavedSpaceFactor=\count119

(/usr/local/texlive/2014/texmf-dist/tex/latex/latexconfig/hyperref.cfg
File: hyperref.cfg 2002/06/06 v1.2 hyperref configuration of TeXLive
)
Package hyperref Info: Option `bookmarks' set `true' on input line 4319.
Package hyperref Info: Option `bookmarksopen' set `true' on input line 4319.
Package hyperref Info: Option `bookmarksnumbered' set `true' on input line 4319
.
Package hyperref Info: Option `hypertexnames' set `false' on input line 4319.
Package hyperref Info: Option `colorlinks' set `true' on input line 4319.
Package hyperref Info: Option `unicode' set `true' on input line 4319.

(/usr/local/texlive/2014/texmf-dist/tex/latex/hyperref/puenc.def
File: puenc.def 2012/11/06 v6.83m Hyperref: PDF Unicode definition (HO)
Now handling font encoding PU ...
... no UTF-8 mapping file for font encoding PU
)
Package hyperref Info: Option `breaklinks' set `true' on input line 4319.
Package hyperref Info: Hyper figures OFF on input line 4443.
Package hyperref Info: Link nesting OFF on input line 4448.
Package hyperref Info: Hyper index ON on input line 4451.
Package hyperref Info: Plain pages OFF on input line 4458.
Package hyperref Info: Backreferencing OFF on input line 4463.
Package hyperref Info: Implicit mode ON; LaTeX internals redefined.
Package hyperref Info: Bookmarks ON on input line 4688.
\c@Hy@tempcnt=\count120

(/usr/local/texlive/2014/texmf-dist/tex/latex/url/url.sty
\Urlmuskip=\muskip11
Package: url 2013/09/16  ver 3.4  Verb mode for urls, etc.
)
LaTeX Info: Redefining \url on input line 5041.
\XeTeXLinkMargin=\dimen144
\Fld@menulength=\count121
\Field@Width=\dimen145
\Fld@charsize=\dimen146
Package hyperref Info: Hyper figures OFF on input line 6295.
Package hyperref Info: Link nesting OFF on input line 6300.
Package hyperref Info: Hyper index ON on input line 6303.
Package hyperref Info: backreferencing OFF on input line 6310.
Package hyperref Info: Link coloring ON on input line 6313.
Package hyperref Info: Link coloring with OCG OFF on input line 6320.
Package hyperref Info: PDF/A mode OFF on input line 6325.
LaTeX Info: Redefining \ref on input line 6365.
LaTeX Info: Redefining \pageref on input line 6369.
\Hy@abspage=\count122
\c@Item=\count123
\c@Hfootnote=\count124
)

Package hyperref Message: Driver (autodetected): hpdftex.

(/usr/local/texlive/2014/texmf-dist/tex/latex/hyperref/hpdftex.def
File: hpdftex.def 2012/11/06 v6.83m Hyperref driver for pdfTeX
\Fld@listcount=\count125
\c@bookmark@seq@number=\count126

(/usr/local/texlive/2014/texmf-dist/tex/latex/oberdiek/rerunfilecheck.sty
Package: rerunfilecheck 2011/04/15 v1.7 Rerun checks for auxiliary files (HO)
Package uniquecounter Info: New unique counter `rerunfilecheck' on input line 2
82.
)
\Hy@SectionHShift=\skip60
)
\c@dummy=\count127

(/usr/local/texlive/2014/texmf-dist/tex/latex/tools/longtable.sty
Package: longtable 2004/02/01 v4.11 Multi-page Table package (DPC)
\LTleft=\skip61
\LTright=\skip62
\LTpre=\skip63
\LTpost=\skip64
\LTchunksize=\count128
\LTcapwidth=\dimen147
\LT@head=\box31
\LT@firsthead=\box32
\LT@foot=\box33
\LT@lastfoot=\box34
\LT@cols=\count129
\LT@rows=\count130
\c@LT@tables=\count131
\c@LT@chunks=\count132
\LT@p@ftn=\toks31
))
(/usr/local/texlive/2014/texmf-dist/tex/latex/biblatex/biblatex.sty
Package: biblatex 2013/11/25 v2.8a programmable bibliographies (PK/JW/AB)


Package biblatex Warning: No "backend" specified, using Biber backend.
(biblatex)                To use BibTeX, load biblatex with 
(biblatex)                the "backend=bibtex" option.

(/usr/local/texlive/2014/texmf-dist/tex/latex/biblatex/biblatex2.sty
Package: biblatex2 2013/11/25 v2.8a programmable bibliographies (biber) (PK/JW/
AB)

(/usr/local/texlive/2014/texmf-dist/tex/latex/etoolbox/etoolbox.sty
Package: etoolbox 2011/01/03 v2.1 e-TeX tools for LaTeX

(/usr/local/texlive/2014/texmf-dist/tex/latex/etex-pkg/etex.sty
Package: etex 1998/03/26 v2.0 eTeX basic definition package (PEB)
\et@xins=\count133
)
\etb@tempcnta=\count134
)
(/usr/local/texlive/2014/texmf-dist/tex/latex/logreq/logreq.sty
Package: logreq 2010/08/04 v1.0 xml request logger
\lrq@indent=\count135

(/usr/local/texlive/2014/texmf-dist/tex/latex/logreq/logreq.def
File: logreq.def 2010/08/04 v1.0 logreq spec v1.0
))
\c@tabx@nest=\count136
\c@listtotal=\count137
\c@listcount=\count138
\c@liststart=\count139
\c@liststop=\count140
\c@citecount=\count141
\c@citetotal=\count142
\c@multicitecount=\count143
\c@multicitetotal=\count144
\c@instcount=\count145
\c@maxnames=\count146
\c@minnames=\count147
\c@maxitems=\count148
\c@minitems=\count149
\c@citecounter=\count150
\c@savedcitecounter=\count151
\c@uniquelist=\count152
\c@uniquename=\count153
\c@refsection=\count154
\c@refsegment=\count155
\c@maxextratitle=\count156
\c@maxextratitleyear=\count157
\c@maxextrayear=\count158
\c@maxextraalpha=\count159
\c@abbrvpenalty=\count160
\c@highnamepenalty=\count161
\c@lownamepenalty=\count162
\c@maxparens=\count163
\c@parenlevel=\count164
\blx@tempcnta=\count165
\blx@tempcntb=\count166
\blx@tempcntc=\count167
\blx@maxsection=\count168
\blx@maxsegment@0=\count169
\blx@notetype=\count170
\blx@parenlevel@text=\count171
\blx@parenlevel@foot=\count172
\blx@sectionciteorder@0=\count173
\labelnumberwidth=\skip65
\labelalphawidth=\skip66
\shorthandwidth=\skip67
\biblabelsep=\skip68
\bibitemsep=\skip69
\bibnamesep=\skip70
\bibinitsep=\skip71
\bibparsep=\skip72
\bibhang=\skip73
\blx@bcfin=\read1
\blx@bcfout=\write3
\c@mincomprange=\count174
\c@maxcomprange=\count175
\c@mincompwidth=\count176
Package biblatex Info: Trying to load biblatex default data model...
Package biblatex Info: ... file 'blx-dm.def' found.

(/usr/local/texlive/2014/texmf-dist/tex/latex/biblatex/blx-dm.def)
Package biblatex Info: Trying to load biblatex style data model...
Package biblatex Info: ... file 'alphabetic.dbx' not found.
Package biblatex Info: Trying to load biblatex custom data model...
Package biblatex Info: ... file 'biblatex-dm.cfg' not found.
\c@afterword=\count177
\c@savedafterword=\count178
\c@annotator=\count179
\c@savedannotator=\count180
\c@author=\count181
\c@savedauthor=\count182
\c@bookauthor=\count183
\c@savedbookauthor=\count184
\c@commentator=\count185
\c@savedcommentator=\count186
\c@editor=\count187
\c@savededitor=\count188
\c@editora=\count189
\c@savededitora=\count190
\c@editorb=\count191
\c@savededitorb=\count192
\c@editorc=\count193
\c@savededitorc=\count194
\c@foreword=\count195
\c@savedforeword=\count196
\c@holder=\count197
\c@savedholder=\count198
\c@introduction=\count199
\c@savedintroduction=\count200
\c@namea=\count201
\c@savednamea=\count202
\c@nameb=\count203
\c@savednameb=\count204
\c@namec=\count205
\c@savednamec=\count206
\c@shortauthor=\count207
\c@savedshortauthor=\count208
\c@shorteditor=\count209
\c@savedshorteditor=\count210
\c@translator=\count211
\c@savedtranslator=\count212
\c@labelname=\count213
\c@savedlabelname=\count214
\c@institution=\count215
\c@savedinstitution=\count216
\c@lista=\count217
\c@savedlista=\count218
\c@listb=\count219
\c@savedlistb=\count220
\c@listc=\count221
\c@savedlistc=\count222
\c@listd=\count223
\c@savedlistd=\count224
\c@liste=\count225
\c@savedliste=\count226
\c@listf=\count227
\c@savedlistf=\count228
\c@location=\count229
\c@savedlocation=\count230
\c@organization=\count231
\c@savedorganization=\count232
\c@origlocation=\count233
Normal \count register pool exhausted, switching to extended pool.
\c@savedoriglocation=\count277
\c@origpublisher=\count278
\c@savedorigpublisher=\count279
\c@publisher=\count280
\c@savedpublisher=\count281
\c@language=\count282
\c@savedlanguage=\count283
\c@pageref=\count284
\c@savedpageref=\count285
Package biblatex Info: Trying to load compatibility code...
Package biblatex Info: ... file 'blx-compat.def' found.

(/usr/local/texlive/2014/texmf-dist/tex/latex/biblatex/blx-compat.def
File: blx-compat.def 2013/11/25 v2.8a biblatex compatibility (PK/JW/AB)
)
Package biblatex Info: Trying to load generic definitions...
Package biblatex Info: ... file 'biblatex.def' found.

(/usr/local/texlive/2014/texmf-dist/tex/latex/biblatex/biblatex.def
File: biblatex.def 
\c@textcitecount=\count286
\c@textcitetotal=\count287
\c@textcitemaxnames=\count288
\c@biburlnumpenalty=\count289
\c@biburlucpenalty=\count290
\c@biburllcpenalty=\count291
\c@smartand=\count292
)
Package biblatex Info: Trying to load bibliography style 'alphabetic'...
Package biblatex Info: ... file 'alphabetic.bbx' found.

(/usr/local/texlive/2014/texmf-dist/tex/latex/biblatex/bbx/alphabetic.bbx
File: alphabetic.bbx 2013/11/25 v2.8a biblatex bibliography style (PK/JW/AB)
Package biblatex Info: Trying to load bibliography style 'standard'...
Package biblatex Info: ... file 'standard.bbx' found.

(/usr/local/texlive/2014/texmf-dist/tex/latex/biblatex/bbx/standard.bbx
File: standard.bbx 2013/11/25 v2.8a biblatex bibliography style (PK/JW/AB)
\c@bbx:relatedcount=\count293
\c@bbx:relatedtotal=\count294
))
Package biblatex Info: Trying to load citation style 'alphabetic'...
Package biblatex Info: ... file 'alphabetic.cbx' found.

(/usr/local/texlive/2014/texmf-dist/tex/latex/biblatex/cbx/alphabetic.cbx
File: alphabetic.cbx 2013/11/25 v2.8a biblatex citation style (PK/JW/AB)
Package biblatex Info: Redefining '\cite'.
Package biblatex Info: Redefining '\parencite'.
Package biblatex Info: Redefining '\footcite'.
Package biblatex Info: Redefining '\footcitetext'.
Package biblatex Info: Redefining '\smartcite'.
Package biblatex Info: Redefining '\textcite'.
Package biblatex Info: Redefining '\textcites'.
Package biblatex Info: Redefining '\cites'.
Package biblatex Info: Redefining '\parencites'.
Package biblatex Info: Redefining '\smartcites'.
)
Package biblatex Info: Trying to load configuration file...
Package biblatex Info: ... file 'biblatex.cfg' found.

(/usr/local/texlive/2014/texmf-dist/tex/latex/biblatex/biblatex.cfg
File: biblatex.cfg 
)))
Package hyperref Info: Option `colorlinks' set `true' on input line 59.

(/usr/local/texlive/2014/texmf-dist/tex/latex/base/fontenc.sty
Package: fontenc 2005/09/27 v1.99g Standard LaTeX package

(/usr/local/texlive/2014/texmf-dist/tex/latex/base/t1enc.def
File: t1enc.def 2005/09/27 v1.99g Standard LaTeX file
LaTeX Font Info:    Redeclaring font encoding T1 on input line 43.
))
(/usr/local/texlive/2014/texmf-dist/tex/latex/tools/array.sty
Package: array 2008/09/09 v2.4c Tabular extension package (FMi)
\col@sep=\dimen148
\extrarowheight=\dimen149
\NC@list=\toks32
\extratabsurround=\skip74
\backup@length=\skip75
)
(/usr/local/texlive/2014/texmf-dist/tex/latex/xcolor/xcolor.sty
Package: xcolor 2007/01/21 v2.11 LaTeX color extensions (UK)

(/usr/local/texlive/2014/texmf-dist/tex/latex/latexconfig/color.cfg
File: color.cfg 2007/01/18 v1.5 color configuration of teTeX/TeXLive
)
Package xcolor Info: Driver file: pdftex.def on input line 225.
Package xcolor Info: Model `cmy' substituted by `cmy0' on input line 1337.
Package xcolor Info: Model `hsb' substituted by `rgb' on input line 1341.
Package xcolor Info: Model `RGB' extended on input line 1353.
Package xcolor Info: Model `HTML' substituted by `rgb' on input line 1355.
Package xcolor Info: Model `Hsb' substituted by `hsb' on input line 1356.
Package xcolor Info: Model `tHsb' substituted by `hsb' on input line 1357.
Package xcolor Info: Model `HSB' substituted by `hsb' on input line 1358.
Package xcolor Info: Model `Gray' substituted by `gray' on input line 1359.
Package xcolor Info: Model `wave' substituted by `hsb' on input line 1360.
)
(/usr/local/texlive/2014/texmf-dist/tex/latex/base/textcomp.sty
Package: textcomp 2005/09/27 v1.99g Standard LaTeX package
Package textcomp Info: Sub-encoding information:
(textcomp)               5 = only ISO-Adobe without \textcurrency
(textcomp)               4 = 5 + \texteuro
(textcomp)               3 = 4 + \textohm
(textcomp)               2 = 3 + \textestimated + \textcurrency
(textcomp)               1 = TS1 - \textcircled - \t
(textcomp)               0 = TS1 (full)
(textcomp)             Font families with sub-encoding setting implement
(textcomp)             only a restricted character set as indicated.
(textcomp)             Family '?' is the default used for unknown fonts.
(textcomp)             See the documentation for details.
Package textcomp Info: Setting ? sub-encoding to TS1/1 on input line 71.

(/usr/local/texlive/2014/texmf-dist/tex/latex/base/ts1enc.def
File: ts1enc.def 2001/06/05 v3.0e (jk/car/fm) Standard LaTeX file
Now handling font encoding TS1 ...
... processing UTF-8 mapping file for font encoding TS1

(/usr/local/texlive/2014/texmf-dist/tex/latex/base/ts1enc.dfu
File: ts1enc.dfu 2008/04/05 v1.1m UTF-8 support for inputenc
   defining Unicode char U+00A2 (decimal 162)
   defining Unicode char U+00A3 (decimal 163)
   defining Unicode char U+00A4 (decimal 164)
   defining Unicode char U+00A5 (decimal 165)
   defining Unicode char U+00A6 (decimal 166)
   defining Unicode char U+00A7 (decimal 167)
   defining Unicode char U+00A8 (decimal 168)
   defining Unicode char U+00A9 (decimal 169)
   defining Unicode char U+00AA (decimal 170)
   defining Unicode char U+00AC (decimal 172)
   defining Unicode char U+00AE (decimal 174)
   defining Unicode char U+00AF (decimal 175)
   defining Unicode char U+00B0 (decimal 176)
   defining Unicode char U+00B1 (decimal 177)
   defining Unicode char U+00B2 (decimal 178)
   defining Unicode char U+00B3 (decimal 179)
   defining Unicode char U+00B4 (decimal 180)
   defining Unicode char U+00B5 (decimal 181)
   defining Unicode char U+00B6 (decimal 182)
   defining Unicode char U+00B7 (decimal 183)
   defining Unicode char U+00B9 (decimal 185)
   defining Unicode char U+00BA (decimal 186)
   defining Unicode char U+00BC (decimal 188)
   defining Unicode char U+00BD (decimal 189)
   defining Unicode char U+00BE (decimal 190)
   defining Unicode char U+00D7 (decimal 215)
   defining Unicode char U+00F7 (decimal 247)
   defining Unicode char U+0192 (decimal 402)
   defining Unicode char U+02C7 (decimal 711)
   defining Unicode char U+02D8 (decimal 728)
   defining Unicode char U+02DD (decimal 733)
   defining Unicode char U+0E3F (decimal 3647)
   defining Unicode char U+2016 (decimal 8214)
   defining Unicode char U+2020 (decimal 8224)
   defining Unicode char U+2021 (decimal 8225)
   defining Unicode char U+2022 (decimal 8226)
   defining Unicode char U+2030 (decimal 8240)
   defining Unicode char U+2031 (decimal 8241)
   defining Unicode char U+203B (decimal 8251)
   defining Unicode char U+203D (decimal 8253)
   defining Unicode char U+2044 (decimal 8260)
   defining Unicode char U+204E (decimal 8270)
   defining Unicode char U+2052 (decimal 8274)
   defining Unicode char U+20A1 (decimal 8353)
   defining Unicode char U+20A4 (decimal 8356)
   defining Unicode char U+20A6 (decimal 8358)
   defining Unicode char U+20A9 (decimal 8361)
   defining Unicode char U+20AB (decimal 8363)
   defining Unicode char U+20AC (decimal 8364)
   defining Unicode char U+20B1 (decimal 8369)
   defining Unicode char U+2103 (decimal 8451)
   defining Unicode char U+2116 (decimal 8470)
   defining Unicode char U+2117 (decimal 8471)
   defining Unicode char U+211E (decimal 8478)
   defining Unicode char U+2120 (decimal 8480)
   defining Unicode char U+2122 (decimal 8482)
   defining Unicode char U+2126 (decimal 8486)
   defining Unicode char U+2127 (decimal 8487)
   defining Unicode char U+212E (decimal 8494)
   defining Unicode char U+2190 (decimal 8592)
   defining Unicode char U+2191 (decimal 8593)
   defining Unicode char U+2192 (decimal 8594)
   defining Unicode char U+2193 (decimal 8595)
   defining Unicode char U+2329 (decimal 9001)
   defining Unicode char U+232A (decimal 9002)
   defining Unicode char U+2422 (decimal 9250)
   defining Unicode char U+25E6 (decimal 9702)
   defining Unicode char U+25EF (decimal 9711)
   defining Unicode char U+266A (decimal 9834)
))
LaTeX Info: Redefining \oldstylenums on input line 266.
Package textcomp Info: Setting cmr sub-encoding to TS1/0 on input line 281.
Package textcomp Info: Setting cmss sub-encoding to TS1/0 on input line 282.
Package textcomp Info: Setting cmtt sub-encoding to TS1/0 on input line 283.
Package textcomp Info: Setting cmvtt sub-encoding to TS1/0 on input line 284.
Package textcomp Info: Setting cmbr sub-encoding to TS1/0 on input line 285.
Package textcomp Info: Setting cmtl sub-encoding to TS1/0 on input line 286.
Package textcomp Info: Setting ccr sub-encoding to TS1/0 on input line 287.
Package textcomp Info: Setting ptm sub-encoding to TS1/4 on input line 288.
Package textcomp Info: Setting pcr sub-encoding to TS1/4 on input line 289.
Package textcomp Info: Setting phv sub-encoding to TS1/4 on input line 290.
Package textcomp Info: Setting ppl sub-encoding to TS1/3 on input line 291.
Package textcomp Info: Setting pag sub-encoding to TS1/4 on input line 292.
Package textcomp Info: Setting pbk sub-encoding to TS1/4 on input line 293.
Package textcomp Info: Setting pnc sub-encoding to TS1/4 on input line 294.
Package textcomp Info: Setting pzc sub-encoding to TS1/4 on input line 295.
Package textcomp Info: Setting bch sub-encoding to TS1/4 on input line 296.
Package textcomp Info: Setting put sub-encoding to TS1/5 on input line 297.
Package textcomp Info: Setting uag sub-encoding to TS1/5 on input line 298.
Package textcomp Info: Setting ugq sub-encoding to TS1/5 on input line 299.
Package textcomp Info: Setting ul8 sub-encoding to TS1/4 on input line 300.
Package textcomp Info: Setting ul9 sub-encoding to TS1/4 on input line 301.
Package textcomp Info: Setting augie sub-encoding to TS1/5 on input line 302.
Package textcomp Info: Setting dayrom sub-encoding to TS1/3 on input line 303.
Package textcomp Info: Setting dayroms sub-encoding to TS1/3 on input line 304.

Package textcomp Info: Setting pxr sub-encoding to TS1/0 on input line 305.
Package textcomp Info: Setting pxss sub-encoding to TS1/0 on input line 306.
Package textcomp Info: Setting pxtt sub-encoding to TS1/0 on input line 307.
Package textcomp Info: Setting txr sub-encoding to TS1/0 on input line 308.
Package textcomp Info: Setting txss sub-encoding to TS1/0 on input line 309.
Package textcomp Info: Setting txtt sub-encoding to TS1/0 on input line 310.
Package textcomp Info: Setting lmr sub-encoding to TS1/0 on input line 311.
Package textcomp Info: Setting lmdh sub-encoding to TS1/0 on input line 312.
Package textcomp Info: Setting lmss sub-encoding to TS1/0 on input line 313.
Package textcomp Info: Setting lmssq sub-encoding to TS1/0 on input line 314.
Package textcomp Info: Setting lmvtt sub-encoding to TS1/0 on input line 315.
Package textcomp Info: Setting qhv sub-encoding to TS1/0 on input line 316.
Package textcomp Info: Setting qag sub-encoding to TS1/0 on input line 317.
Package textcomp Info: Setting qbk sub-encoding to TS1/0 on input line 318.
Package textcomp Info: Setting qcr sub-encoding to TS1/0 on input line 319.
Package textcomp Info: Setting qcs sub-encoding to TS1/0 on input line 320.
Package textcomp Info: Setting qpl sub-encoding to TS1/0 on input line 321.
Package textcomp Info: Setting qtm sub-encoding to TS1/0 on input line 322.
Package textcomp Info: Setting qzc sub-encoding to TS1/0 on input line 323.
Package textcomp Info: Setting qhvc sub-encoding to TS1/0 on input line 324.
Package textcomp Info: Setting futs sub-encoding to TS1/4 on input line 325.
Package textcomp Info: Setting futx sub-encoding to TS1/4 on input line 326.
Package textcomp Info: Setting futj sub-encoding to TS1/4 on input line 327.
Package textcomp Info: Setting hlh sub-encoding to TS1/3 on input line 328.
Package textcomp Info: Setting hls sub-encoding to TS1/3 on input line 329.
Package textcomp Info: Setting hlst sub-encoding to TS1/3 on input line 330.
Package textcomp Info: Setting hlct sub-encoding to TS1/5 on input line 331.
Package textcomp Info: Setting hlx sub-encoding to TS1/5 on input line 332.
Package textcomp Info: Setting hlce sub-encoding to TS1/5 on input line 333.
Package textcomp Info: Setting hlcn sub-encoding to TS1/5 on input line 334.
Package textcomp Info: Setting hlcw sub-encoding to TS1/5 on input line 335.
Package textcomp Info: Setting hlcf sub-encoding to TS1/5 on input line 336.
Package textcomp Info: Setting pplx sub-encoding to TS1/3 on input line 337.
Package textcomp Info: Setting pplj sub-encoding to TS1/3 on input line 338.
Package textcomp Info: Setting ptmx sub-encoding to TS1/4 on input line 339.
Package textcomp Info: Setting ptmj sub-encoding to TS1/4 on input line 340.
)
(/usr/local/texlive/2014/texmf-dist/tex/latex/pgf/frontendlayer/tikz.sty
(/usr/local/texlive/2014/texmf-dist/tex/latex/pgf/basiclayer/pgf.sty
(/usr/local/texlive/2014/texmf-dist/tex/latex/pgf/utilities/pgfrcs.sty
(/usr/local/texlive/2014/texmf-dist/tex/generic/pgf/utilities/pgfutil-common.te
x
\pgfutil@everybye=\toks33
\pgfutil@tempdima=\dimen150
\pgfutil@tempdimb=\dimen151

(/usr/local/texlive/2014/texmf-dist/tex/generic/pgf/utilities/pgfutil-common-li
sts.tex))
(/usr/local/texlive/2014/texmf-dist/tex/generic/pgf/utilities/pgfutil-latex.def
\pgfutil@abb=\box35
(/usr/local/texlive/2014/texmf-dist/tex/latex/ms/everyshi.sty
Package: everyshi 2001/05/15 v3.00 EveryShipout Package (MS)
))
(/usr/local/texlive/2014/texmf-dist/tex/generic/pgf/utilities/pgfrcs.code.tex
Package: pgfrcs 2013/12/20 v3.0.0 (rcs-revision 1.28)
))
Package: pgf 2013/12/18 v3.0.0 (rcs-revision 1.14)
(/usr/local/texlive/2014/texmf-dist/tex/latex/pgf/basiclayer/pgfcore.sty
(/usr/local/texlive/2014/texmf-dist/tex/latex/pgf/systemlayer/pgfsys.sty
(/usr/local/texlive/2014/texmf-dist/tex/generic/pgf/systemlayer/pgfsys.code.tex
Package: pgfsys 2013/11/30 v3.0.0 (rcs-revision 1.47)
(/usr/local/texlive/2014/texmf-dist/tex/generic/pgf/utilities/pgfkeys.code.tex
\pgfkeys@pathtoks=\toks34
\pgfkeys@temptoks=\toks35

(/usr/local/texlive/2014/texmf-dist/tex/generic/pgf/utilities/pgfkeysfiltered.c
ode.tex
\pgfkeys@tmptoks=\toks36
))
\pgf@x=\dimen152
\pgf@y=\dimen153
\pgf@xa=\dimen154
\pgf@ya=\dimen155
\pgf@xb=\dimen156
\pgf@yb=\dimen157
\pgf@xc=\dimen158
\pgf@yc=\dimen159
\w@pgf@writea=\write4
\r@pgf@reada=\read2
\c@pgf@counta=\count295
\c@pgf@countb=\count296
\c@pgf@countc=\count297
\c@pgf@countd=\count298
\t@pgf@toka=\toks37
\t@pgf@tokb=\toks38
\t@pgf@tokc=\toks39

(/usr/local/texlive/2014/texmf-dist/tex/generic/pgf/systemlayer/pgf.cfg
File: pgf.cfg 2008/05/14  (rcs-revision 1.7)
)
Driver file for pgf: pgfsys-pdftex.def

(/usr/local/texlive/2014/texmf-dist/tex/generic/pgf/systemlayer/pgfsys-pdftex.d
ef
File: pgfsys-pdftex.def 2013/07/18  (rcs-revision 1.33)

(/usr/local/texlive/2014/texmf-dist/tex/generic/pgf/systemlayer/pgfsys-common-p
df.def
File: pgfsys-common-pdf.def 2013/10/10  (rcs-revision 1.13)
)))
(/usr/local/texlive/2014/texmf-dist/tex/generic/pgf/systemlayer/pgfsyssoftpath.
code.tex
File: pgfsyssoftpath.code.tex 2013/09/09  (rcs-revision 1.9)
\pgfsyssoftpath@smallbuffer@items=\count299
\pgfsyssoftpath@bigbuffer@items=\count300
)
(/usr/local/texlive/2014/texmf-dist/tex/generic/pgf/systemlayer/pgfsysprotocol.
code.tex
File: pgfsysprotocol.code.tex 2006/10/16  (rcs-revision 1.4)
))
(/usr/local/texlive/2014/texmf-dist/tex/generic/pgf/basiclayer/pgfcore.code.tex
Package: pgfcore 2010/04/11 v3.0.0 (rcs-revision 1.7)
(/usr/local/texlive/2014/texmf-dist/tex/generic/pgf/math/pgfmath.code.tex
(/usr/local/texlive/2014/texmf-dist/tex/generic/pgf/math/pgfmathcalc.code.tex
(/usr/local/texlive/2014/texmf-dist/tex/generic/pgf/math/pgfmathutil.code.tex)
(/usr/local/texlive/2014/texmf-dist/tex/generic/pgf/math/pgfmathparser.code.tex
\pgfmath@dimen=\dimen160
\pgfmath@count=\count301
\pgfmath@box=\box36
\pgfmath@toks=\toks40
\pgfmath@stack@operand=\toks41
\pgfmath@stack@operation=\toks42
)
(/usr/local/texlive/2014/texmf-dist/tex/generic/pgf/math/pgfmathfunctions.code.
tex
(/usr/local/texlive/2014/texmf-dist/tex/generic/pgf/math/pgfmathfunctions.basic
.code.tex)
(/usr/local/texlive/2014/texmf-dist/tex/generic/pgf/math/pgfmathfunctions.trigo
nometric.code.tex)
(/usr/local/texlive/2014/texmf-dist/tex/generic/pgf/math/pgfmathfunctions.rando
m.code.tex)
(/usr/local/texlive/2014/texmf-dist/tex/generic/pgf/math/pgfmathfunctions.compa
rison.code.tex)
(/usr/local/texlive/2014/texmf-dist/tex/generic/pgf/math/pgfmathfunctions.base.
code.tex)
(/usr/local/texlive/2014/texmf-dist/tex/generic/pgf/math/pgfmathfunctions.round
.code.tex)
(/usr/local/texlive/2014/texmf-dist/tex/generic/pgf/math/pgfmathfunctions.misc.
code.tex)
(/usr/local/texlive/2014/texmf-dist/tex/generic/pgf/math/pgfmathfunctions.integ
erarithmetics.code.tex)))
(/usr/local/texlive/2014/texmf-dist/tex/generic/pgf/math/pgfmathfloat.code.tex
\c@pgfmathroundto@lastzeros=\count302
))
(/usr/local/texlive/2014/texmf-dist/tex/generic/pgf/basiclayer/pgfcorepoints.co
de.tex
File: pgfcorepoints.code.tex 2013/10/07  (rcs-revision 1.27)
\pgf@picminx=\dimen161
\pgf@picmaxx=\dimen162
\pgf@picminy=\dimen163
\pgf@picmaxy=\dimen164
\pgf@pathminx=\dimen165
\pgf@pathmaxx=\dimen166
\pgf@pathminy=\dimen167
\pgf@pathmaxy=\dimen168
\pgf@xx=\dimen169
\pgf@xy=\dimen170
\pgf@yx=\dimen171
\pgf@yy=\dimen172
\pgf@zx=\dimen173
\pgf@zy=\dimen174
)
(/usr/local/texlive/2014/texmf-dist/tex/generic/pgf/basiclayer/pgfcorepathconst
ruct.code.tex
File: pgfcorepathconstruct.code.tex 2013/10/07  (rcs-revision 1.29)
\pgf@path@lastx=\dimen175
\pgf@path@lasty=\dimen176
)
(/usr/local/texlive/2014/texmf-dist/tex/generic/pgf/basiclayer/pgfcorepathusage
.code.tex
File: pgfcorepathusage.code.tex 2013/12/13  (rcs-revision 1.23)
\pgf@shorten@end@additional=\dimen177
\pgf@shorten@start@additional=\dimen178
)
(/usr/local/texlive/2014/texmf-dist/tex/generic/pgf/basiclayer/pgfcorescopes.co
de.tex
File: pgfcorescopes.code.tex 2013/10/09  (rcs-revision 1.44)
\pgfpic=\box37
\pgf@hbox=\box38
\pgf@layerbox@main=\box39
\pgf@picture@serial@count=\count303
)
(/usr/local/texlive/2014/texmf-dist/tex/generic/pgf/basiclayer/pgfcoregraphicst
ate.code.tex
File: pgfcoregraphicstate.code.tex 2013/09/19  (rcs-revision 1.11)
\pgflinewidth=\dimen179
)
(/usr/local/texlive/2014/texmf-dist/tex/generic/pgf/basiclayer/pgfcoretransform
ations.code.tex
File: pgfcoretransformations.code.tex 2013/10/10  (rcs-revision 1.17)
\pgf@pt@x=\dimen180
\pgf@pt@y=\dimen181
\pgf@pt@temp=\dimen182
)
(/usr/local/texlive/2014/texmf-dist/tex/generic/pgf/basiclayer/pgfcorequick.cod
e.tex
File: pgfcorequick.code.tex 2008/10/09  (rcs-revision 1.3)
)
(/usr/local/texlive/2014/texmf-dist/tex/generic/pgf/basiclayer/pgfcoreobjects.c
ode.tex
File: pgfcoreobjects.code.tex 2006/10/11  (rcs-revision 1.2)
)
(/usr/local/texlive/2014/texmf-dist/tex/generic/pgf/basiclayer/pgfcorepathproce
ssing.code.tex
File: pgfcorepathprocessing.code.tex 2013/09/09  (rcs-revision 1.9)
)
(/usr/local/texlive/2014/texmf-dist/tex/generic/pgf/basiclayer/pgfcorearrows.co
de.tex
File: pgfcorearrows.code.tex 2013/11/07  (rcs-revision 1.40)
\pgfarrowsep=\dimen183
)
(/usr/local/texlive/2014/texmf-dist/tex/generic/pgf/basiclayer/pgfcoreshade.cod
e.tex
File: pgfcoreshade.code.tex 2013/07/15  (rcs-revision 1.15)
\pgf@max=\dimen184
\pgf@sys@shading@range@num=\count304
)
(/usr/local/texlive/2014/texmf-dist/tex/generic/pgf/basiclayer/pgfcoreimage.cod
e.tex
File: pgfcoreimage.code.tex 2013/07/15  (rcs-revision 1.18)

(/usr/local/texlive/2014/texmf-dist/tex/generic/pgf/basiclayer/pgfcoreexternal.
code.tex
File: pgfcoreexternal.code.tex 2013/07/15  (rcs-revision 1.20)
\pgfexternal@startupbox=\box40
))
(/usr/local/texlive/2014/texmf-dist/tex/generic/pgf/basiclayer/pgfcorelayers.co
de.tex
File: pgfcorelayers.code.tex 2013/07/18  (rcs-revision 1.7)
)
(/usr/local/texlive/2014/texmf-dist/tex/generic/pgf/basiclayer/pgfcoretranspare
ncy.code.tex
File: pgfcoretransparency.code.tex 2013/09/30  (rcs-revision 1.5)
)
(/usr/local/texlive/2014/texmf-dist/tex/generic/pgf/basiclayer/pgfcorepatterns.
code.tex
File: pgfcorepatterns.code.tex 2013/11/07  (rcs-revision 1.5)
)))
(/usr/local/texlive/2014/texmf-dist/tex/generic/pgf/modules/pgfmoduleshapes.cod
e.tex
File: pgfmoduleshapes.code.tex 2013/10/31  (rcs-revision 1.34)
\pgfnodeparttextbox=\box41
)
(/usr/local/texlive/2014/texmf-dist/tex/generic/pgf/modules/pgfmoduleplot.code.
tex
File: pgfmoduleplot.code.tex 2013/07/31  (rcs-revision 1.12)
)
(/usr/local/texlive/2014/texmf-dist/tex/latex/pgf/compatibility/pgfcomp-version
-0-65.sty
Package: pgfcomp-version-0-65 2007/07/03 v3.0.0 (rcs-revision 1.7)
\pgf@nodesepstart=\dimen185
\pgf@nodesepend=\dimen186
)
(/usr/local/texlive/2014/texmf-dist/tex/latex/pgf/compatibility/pgfcomp-version
-1-18.sty
Package: pgfcomp-version-1-18 2007/07/23 v3.0.0 (rcs-revision 1.1)
))
(/usr/local/texlive/2014/texmf-dist/tex/latex/pgf/utilities/pgffor.sty
(/usr/local/texlive/2014/texmf-dist/tex/latex/pgf/utilities/pgfkeys.sty
(/usr/local/texlive/2014/texmf-dist/tex/generic/pgf/utilities/pgfkeys.code.tex)
) (/usr/local/texlive/2014/texmf-dist/tex/latex/pgf/math/pgfmath.sty
(/usr/local/texlive/2014/texmf-dist/tex/generic/pgf/math/pgfmath.code.tex))
(/usr/local/texlive/2014/texmf-dist/tex/generic/pgf/utilities/pgffor.code.tex
Package: pgffor 2013/12/13 v3.0.0 (rcs-revision 1.25)

(/usr/local/texlive/2014/texmf-dist/tex/generic/pgf/math/pgfmath.code.tex)
\pgffor@iter=\dimen187
\pgffor@skip=\dimen188
\pgffor@stack=\toks43
\pgffor@toks=\toks44
))
(/usr/local/texlive/2014/texmf-dist/tex/generic/pgf/frontendlayer/tikz/tikz.cod
e.tex
Package: tikz 2013/12/13 v3.0.0 (rcs-revision 1.142)

(/usr/local/texlive/2014/texmf-dist/tex/generic/pgf/libraries/pgflibraryplothan
dlers.code.tex
File: pgflibraryplothandlers.code.tex 2013/08/31 v3.0.0 (rcs-revision 1.20)
\pgf@plot@mark@count=\count305
\pgfplotmarksize=\dimen189
)
\tikz@lastx=\dimen190
\tikz@lasty=\dimen191
\tikz@lastxsaved=\dimen192
\tikz@lastysaved=\dimen193
\tikzleveldistance=\dimen194
\tikzsiblingdistance=\dimen195
\tikz@figbox=\box42
\tikz@figbox@bg=\box43
\tikz@tempbox=\box44
\tikz@tempbox@bg=\box45
\tikztreelevel=\count306
\tikznumberofchildren=\count307
\tikznumberofcurrentchild=\count308
\tikz@fig@count=\count309

(/usr/local/texlive/2014/texmf-dist/tex/generic/pgf/modules/pgfmodulematrix.cod
e.tex
File: pgfmodulematrix.code.tex 2013/09/17  (rcs-revision 1.8)
\pgfmatrixcurrentrow=\count310
\pgfmatrixcurrentcolumn=\count311
\pgf@matrix@numberofcolumns=\count312
)
\tikz@expandcount=\count313

(/usr/local/texlive/2014/texmf-dist/tex/generic/pgf/frontendlayer/tikz/librarie
s/tikzlibrarytopaths.code.tex
File: tikzlibrarytopaths.code.tex 2008/06/17 v3.0.0 (rcs-revision 1.2)
))) (./tikz-uml.sty
Package: tikz-uml 2011/01/26

(/usr/local/texlive/2014/texmf-dist/tex/generic/xstring/xstring.sty
(/usr/local/texlive/2014/texmf-dist/tex/generic/xstring/xstring.tex
\@xs@message=\write5
\integerpart=\count314
\decimalpart=\count315
)
Package: xstring 2013/10/13  v1.7c  String manipulations (C Tellechea)
)
(/usr/local/texlive/2014/texmf-dist/tex/latex/tools/calc.sty
Package: calc 2007/08/22 v4.3 Infix arithmetic (KKT,FJ)
\calc@Acount=\count316
\calc@Bcount=\count317
\calc@Adimen=\dimen196
\calc@Bdimen=\dimen197
\calc@Askip=\skip76
\calc@Bskip=\skip77
LaTeX Info: Redefining \setlength on input line 75.
LaTeX Info: Redefining \addtolength on input line 76.
\calc@Ccount=\count318
\calc@Cskip=\skip78
)
(/usr/local/texlive/2014/texmf-dist/tex/latex/pgfopts/pgfopts.sty
Package: pgfopts 2011/06/02 v2.1 LaTeX package options with pgfkeys
\pgfopts@list@add@a@toks=\toks45
\pgfopts@list@add@b@toks=\toks46
)
(/usr/local/texlive/2014/texmf-dist/tex/generic/pgf/frontendlayer/tikz/librarie
s/tikzlibrarybackgrounds.code.tex
File: tikzlibrarybackgrounds.code.tex 2013/07/18 v3.0.0 (rcs-revision 1.3)
\pgf@layerbox@background=\box46
\pgf@layerboxsaved@background=\box47
)
(/usr/local/texlive/2014/texmf-dist/tex/generic/pgf/frontendlayer/tikz/librarie
s/tikzlibraryarrows.code.tex
File: tikzlibraryarrows.code.tex 2008/01/09 v3.0.0 (rcs-revision 1.1)

(/usr/local/texlive/2014/texmf-dist/tex/generic/pgf/libraries/pgflibraryarrows.
code.tex
File: pgflibraryarrows.code.tex 2013/09/23 v3.0.0 (rcs-revision 1.16)
\arrowsize=\dimen198
))
(/usr/local/texlive/2014/texmf-dist/tex/generic/pgf/frontendlayer/tikz/librarie
s/tikzlibraryshapes.code.tex
File: tikzlibraryshapes.code.tex 2008/01/09 v3.0.0 (rcs-revision 1.1)

(/usr/local/texlive/2014/texmf-dist/tex/generic/pgf/frontendlayer/tikz/librarie
s/tikzlibraryshapes.geometric.code.tex
File: tikzlibraryshapes.geometric.code.tex 2008/01/09 v3.0.0 (rcs-revision 1.1)


(/usr/local/texlive/2014/texmf-dist/tex/generic/pgf/libraries/shapes/pgflibrary
shapes.geometric.code.tex
File: pgflibraryshapes.geometric.code.tex 2008/06/26 v3.0.0 (rcs-revision 1.1)
))
(/usr/local/texlive/2014/texmf-dist/tex/generic/pgf/frontendlayer/tikz/librarie
s/tikzlibraryshapes.misc.code.tex
File: tikzlibraryshapes.misc.code.tex 2008/01/09 v3.0.0 (rcs-revision 1.1)

(/usr/local/texlive/2014/texmf-dist/tex/generic/pgf/libraries/shapes/pgflibrary
shapes.misc.code.tex
File: pgflibraryshapes.misc.code.tex 2013/07/18 v3.0.0 (rcs-revision 1.5)
))
(/usr/local/texlive/2014/texmf-dist/tex/generic/pgf/frontendlayer/tikz/librarie
s/tikzlibraryshapes.symbols.code.tex
File: tikzlibraryshapes.symbols.code.tex 2008/01/09 v3.0.0 (rcs-revision 1.1)

(/usr/local/texlive/2014/texmf-dist/tex/generic/pgf/libraries/shapes/pgflibrary
shapes.symbols.code.tex
File: pgflibraryshapes.symbols.code.tex 2013/09/11 v3.0.0 (rcs-revision 1.6)
))
(/usr/local/texlive/2014/texmf-dist/tex/generic/pgf/frontendlayer/tikz/librarie
s/tikzlibraryshapes.arrows.code.tex
File: tikzlibraryshapes.arrows.code.tex 2008/01/09 v3.0.0 (rcs-revision 1.1)

(/usr/local/texlive/2014/texmf-dist/tex/generic/pgf/libraries/shapes/pgflibrary
shapes.arrows.code.tex
File: pgflibraryshapes.arrows.code.tex 2008/06/26 v3.0.0 (rcs-revision 1.1)
))
(/usr/local/texlive/2014/texmf-dist/tex/generic/pgf/frontendlayer/tikz/librarie
s/tikzlibraryshapes.callouts.code.tex
(/usr/local/texlive/2014/texmf-dist/tex/generic/pgf/libraries/shapes/pgflibrary
shapes.callouts.code.tex))
(/usr/local/texlive/2014/texmf-dist/tex/generic/pgf/frontendlayer/tikz/librarie
s/tikzlibraryshapes.multipart.code.tex
File: tikzlibraryshapes.multipart.code.tex 2008/01/09 v3.0.0 (rcs-revision 1.1)


(/usr/local/texlive/2014/texmf-dist/tex/generic/pgf/libraries/shapes/pgflibrary
shapes.multipart.code.tex
File: pgflibraryshapes.multipart.code.tex 2010/01/07 v3.0.0 (rcs-revision 1.2)
\pgfnodepartlowerbox=\box48
\pgfnodeparttwobox=\box49
\pgfnodepartthreebox=\box50
\pgfnodepartfourbox=\box51
\pgfnodeparttwentybox=\box52
\pgfnodepartnineteenbox=\box53
\pgfnodeparteighteenbox=\box54
\pgfnodepartseventeenbox=\box55
\pgfnodepartsixteenbox=\box56
\pgfnodepartfifteenbox=\box57
\pgfnodepartfourteenbox=\box58
\pgfnodepartthirteenbox=\box59
\pgfnodeparttwelvebox=\box60
\pgfnodepartelevenbox=\box61
\pgfnodeparttenbox=\box62
\pgfnodepartninebox=\box63
\pgfnodeparteightbox=\box64
\pgfnodepartsevenbox=\box65
\pgfnodepartsixbox=\box66
\pgfnodepartfivebox=\box67
)))
(/usr/local/texlive/2014/texmf-dist/tex/generic/pgf/frontendlayer/tikz/librarie
s/tikzlibraryfit.code.tex
File: tikzlibraryfit.code.tex 2013/07/12 v3.0.0 (rcs-revision 1.5)
)
(/usr/local/texlive/2014/texmf-dist/tex/generic/pgf/frontendlayer/tikz/librarie
s/tikzlibraryshadows.code.tex
File: tikzlibraryshadows.code.tex 2008/01/13 v3.0.0 (rcs-revision 1.3)

(/usr/local/texlive/2014/texmf-dist/tex/generic/pgf/frontendlayer/tikz/librarie
s/tikzlibraryfadings.code.tex
File: tikzlibraryfadings.code.tex 2009/11/15 v3.0.0 (rcs-revision 1.2)

(/usr/local/texlive/2014/texmf-dist/tex/generic/pgf/libraries/pgflibraryfadings
.code.tex
File: pgflibraryfadings.code.tex 2008/02/07 v3.0.0 (rcs-revision 1.3)
)))
(/usr/local/texlive/2014/texmf-dist/tex/generic/pgf/frontendlayer/tikz/librarie
s/tikzlibrarydecorations.markings.code.tex
(/usr/local/texlive/2014/texmf-dist/tex/generic/pgf/frontendlayer/tikz/librarie
s/tikzlibrarydecorations.code.tex
(/usr/local/texlive/2014/texmf-dist/tex/generic/pgf/modules/pgfmoduledecoration
s.code.tex
\pgfdecoratedcompleteddistance=\dimen199
\pgfdecoratedremainingdistance=\dimen200
\pgfdecoratedinputsegmentcompleteddistance=\dimen201
\pgfdecoratedinputsegmentremainingdistance=\dimen202
\pgf@decorate@distancetomove=\dimen203
\pgf@decorate@repeatstate=\count319
\pgfdecorationsegmentamplitude=\dimen204
\pgfdecorationsegmentlength=\dimen205
)
\tikz@lib@dec@box=\box68
)
(/usr/local/texlive/2014/texmf-dist/tex/generic/pgf/libraries/decorations/pgfli
brarydecorations.markings.code.tex))
\c@tikzumlPackageLayers=\count320
\pgf@layerbox@package0=\box69
\pgf@layerboxsaved@package0=\box70
\pgf@layerbox@package1=\box71
\pgf@layerboxsaved@package1=\box72
\pgf@layerbox@package2=\box73
\pgf@layerboxsaved@package2=\box74
\pgf@layerbox@package3=\box75
\pgf@layerboxsaved@package3=\box76
\c@tikzumlFragmentLayers=\count321
\pgf@layerbox@fragment0=\box77
\pgf@layerboxsaved@fragment0=\box78
\pgf@layerbox@fragment1=\box79
\pgf@layerboxsaved@fragment1=\box80
\pgf@layerbox@fragment2=\box81
\pgf@layerboxsaved@fragment2=\box82
\pgf@layerbox@fragment3=\box83
\pgf@layerboxsaved@fragment3=\box84
\c@tikzumlStateLayers=\count322
\pgf@layerbox@state0=\box85
\pgf@layerboxsaved@state0=\box86
\pgf@layerbox@state1=\box87
\pgf@layerboxsaved@state1=\box88
\pgf@layerbox@state2=\box89
\pgf@layerboxsaved@state2=\box90
\pgf@layerbox@state3=\box91
\pgf@layerboxsaved@state3=\box92
\c@tikzumlComponentLayers=\count323
\pgf@layerbox@component0=\box93
\pgf@layerboxsaved@component0=\box94
\pgf@layerbox@component1=\box95
\pgf@layerboxsaved@component1=\box96
\pgf@layerbox@component2=\box97
\pgf@layerboxsaved@component2=\box98
\pgf@layerbox@component3=\box99
\pgf@layerboxsaved@component3=\box100
\pgf@layerbox@lifelines=\box101
\pgf@layerboxsaved@lifelines=\box102
\pgf@layerbox@activity=\box103
\pgf@layerboxsaved@activity=\box104
\pgf@layerbox@connections=\box105
\pgf@layerboxsaved@connections=\box106
\c@tikzumlPackageClassNum=\count324
\c@tikzumlPackageSubPackageNum=\count325
\c@tikzumlRelationNum=\count326
\c@tikzumlNoteNum=\count327
\c@pos=\count328
\c@posT=\count329
\c@posStereo=\count330
\c@tikzumlPackageLevel=\count331
\c@tikzumlSystemUseCaseNum=\count332
\c@tikzumlSystemLevel=\count333
\c@tikzumlUseCaseNum=\count334
\c@tikzumlActorNum=\count335
\c@tikzumlStateJoinNum=\count336
\c@tikzumlStateDecisionNum=\count337
\c@tikzumlStateInitialNum=\count338
\c@tikzumlStateFinalNum=\count339
\c@tikzumlStateEnterNum=\count340
\c@tikzumlStateExitNum=\count341
\c@tikzumlStateEndNum=\count342
\c@tikzumlStateHistoryNum=\count343
\c@tikzumlStateDeepHistoryNum=\count344
\c@tikzumlStateLevel=\count345
\c@tikzumlStateSubStateNum=\count346
\c@tikzumlStateText=\count347
\c@tikzumlObjectNum=\count348
\c@tikzumlCallLevel=\count349
\c@tikzumlCallNum=\count350
\c@tikzumlFragmentLevel=\count351
\c@tikzumlFragmentLevelNum=\count352
\c@tikzumlFragmentNum=\count353
\c@tikzumlFragmentPartNum=\count354
\c@tikzumlCallStartFragmentNum=\count355
\c@tikzumlCallEndFragmentNum=\count356
\tikzumlCall@xa=\skip79
\tikzumlCall@xb=\skip80
\c@tikzumlComponentLevel=\count357
\c@tikzumlComponentSubComponentNum=\count358
\c@tikzumlConnectorNum=\count359
\tikzuml@AC@xa=\skip81
\tikzuml@AC@ya=\skip82
\tikzuml@AC@xb=\skip83
\tikzuml@AC@yb=\skip84
\tikzuml@AC@xi=\skip85
\tikzuml@AC@yi=\skip86
\tikzuml@AC@xic=\skip87
\tikzuml@AC@yic=\skip88
\tikzuml@AC@xio=\skip89
\tikzuml@AC@yio=\skip90
\tikzuml@AC@AB=\skip91
\tikzuml@AC@lambda=\skip92
\tikzuml@AC@xtrc=\skip93
\tikzuml@AC@ytrc=\skip94
\tikzuml@AC@xtlc=\skip95
\tikzuml@AC@ytlc=\skip96
\tikzuml@AC@xblc=\skip97
\tikzuml@AC@yblc=\skip98
\tikzuml@AC@xbrc=\skip99
\tikzuml@AC@ybrc=\skip100
\tikzuml@AC@middleArm=\skip101
)
(/usr/local/texlive/2014/texmf-dist/tex/latex/float/float.sty
Package: float 2001/11/08 v1.3d Float enhancements (AL)
\c@float@type=\count360
\float@exts=\toks47
\float@box=\box107
\@float@everytoks=\toks48
\@floatcapt=\box108
)
(/usr/local/texlive/2014/texmf-dist/tex/latex/enumitem/enumitem.sty
Package: enumitem 2011/09/28 v3.5.2 Customized lists
\labelindent=\skip102
\enit@outerparindent=\dimen206
\enit@toks=\toks49
\enit@inbox=\box109
\enitdp@description=\count361
)
Package biblatex Info: Trying to load language 'english'...
Package biblatex Info: ... file 'english.lbx' found.

(/usr/local/texlive/2014/texmf-dist/tex/latex/biblatex/lbx/english.lbx
File: english.lbx 2013/11/25 v2.8a biblatex localization (PK/JW/AB)
)
\@quotelevel=\count362
\@quotereset=\count363

(./thesis.aux (./htwg/cover.aux) (./htwg/title.aux) (./htwg/abstract.aux)
(./htwg/affidavit.aux))
\openout1 = `thesis.aux'.

LaTeX Font Info:    Checking defaults for OML/cmm/m/it on input line 110.
LaTeX Font Info:    ... okay on input line 110.
LaTeX Font Info:    Checking defaults for T1/cmr/m/n on input line 110.
LaTeX Font Info:    ... okay on input line 110.
LaTeX Font Info:    Checking defaults for OT1/cmr/m/n on input line 110.
LaTeX Font Info:    ... okay on input line 110.
LaTeX Font Info:    Checking defaults for OMS/cmsy/m/n on input line 110.
LaTeX Font Info:    ... okay on input line 110.
LaTeX Font Info:    Checking defaults for OMX/cmex/m/n on input line 110.
LaTeX Font Info:    ... okay on input line 110.
LaTeX Font Info:    Checking defaults for U/cmr/m/n on input line 110.
LaTeX Font Info:    ... okay on input line 110.
LaTeX Font Info:    Checking defaults for PD1/pdf/m/n on input line 110.
LaTeX Font Info:    ... okay on input line 110.
LaTeX Font Info:    Checking defaults for PU/pdf/m/n on input line 110.
LaTeX Font Info:    ... okay on input line 110.
LaTeX Font Info:    Checking defaults for TS1/cmr/m/n on input line 110.
LaTeX Font Info:    Try loading font information for TS1+cmr on input line 110.


(/usr/local/texlive/2014/texmf-dist/tex/latex/base/ts1cmr.fd
File: ts1cmr.fd 1999/05/25 v2.5h Standard LaTeX font definitions
)
LaTeX Font Info:    ... okay on input line 110.
Package caption Info: Begin \AtBeginDocument code.
Package caption Info: float package is loaded.
Package caption Info: hyperref package is loaded.
Package caption Info: listings package is loaded.
Package caption Info: longtable package is loaded.

(/usr/local/texlive/2014/texmf-dist/tex/latex/caption/ltcaption.sty
Package: ltcaption 2013/02/03 v1.3-62 longtable captions (AR)
)
Package caption Info: rotating package is loaded.
Package caption Info: End \AtBeginDocument code.

(/usr/local/texlive/2014/texmf-dist/tex/context/base/supp-pdf.mkii
[Loading MPS to PDF converter (version 2006.09.02).]
\scratchcounter=\count364
\scratchdimen=\dimen207
\scratchbox=\box110
\nofMPsegments=\count365
\nofMParguments=\count366
\everyMPshowfont=\toks50
\MPscratchCnt=\count367
\MPscratchDim=\dimen208
\MPnumerator=\count368
\makeMPintoPDFobject=\count369
\everyMPtoPDFconversion=\toks51
)
\c@lstlisting=\count370
\AtBeginShipoutBox=\box111
Package hyperref Info: Link coloring ON on input line 110.
 (/usr/local/texlive/2014/texmf-dist/tex/latex/hyperref/nameref.sty
Package: nameref 2012/10/27 v2.43 Cross-referencing by name of section

(/usr/local/texlive/2014/texmf-dist/tex/generic/oberdiek/gettitlestring.sty
Package: gettitlestring 2010/12/03 v1.4 Cleanup title references (HO)
)
\c@section@level=\count371
)
LaTeX Info: Redefining \ref on input line 110.
LaTeX Info: Redefining \pageref on input line 110.
LaTeX Info: Redefining \nameref on input line 110.

(./thesis.out) (./thesis.out)
\@outlinefile=\write6
\openout6 = `thesis.out'.

Package biblatex Info: Input encoding 'utf8' detected.
Package biblatex Info: Automatic encoding selection.
(biblatex)             Assuming data encoding 'utf8'.
\openout3 = `thesis.bcf'.

Package biblatex Info: Trying to load bibliographic data...
Package biblatex Info: ... file 'thesis.bbl' found.
 (./thesis.bbl

Package biblatex Warning: The following entry could not be found
(biblatex)                in the database:
(biblatex)                swift-error-handling
(biblatex)                Please verify the spelling and rerun
(biblatex)                LaTeX afterwards.

)
Package biblatex Info: Reference section=0 on input line 110.
Package biblatex Info: Reference segment=0 on input line 110.
 ABD: EveryShipout initializing macros
\openout2 = `htwg/cover.aux'.

 (./htwg/cover.tex
<htwg/htwg-logo.pdf, id=485, 1597.97pt x 174.6525pt>
File: htwg/htwg-logo.pdf Graphic file (type pdf)
 <use htwg/htwg-logo.pdf>
Package pdftex.def Info: htwg/htwg-logo.pdf used on input line 7.
(pdftex.def)             Requested size: 446.70818pt x 48.8224pt.

Overfull \hbox (3.20398pt too wide) in paragraph at lines 7--8
|  []  
 []

LaTeX Font Info:    Try loading font information for T1+cmss on input line 23.
(/usr/local/texlive/2014/texmf-dist/tex/latex/base/t1cmss.fd
File: t1cmss.fd 1999/05/25 v2.5h Standard LaTeX font definitions
) [1




{/usr/local/texlive/2014/texmf-var/fonts/map/pdftex/updmap/pdftex.map} <./htwg/
htwg-logo.pdf>])
\openout2 = `htwg/title.aux'.

 (./htwg/title.tex
LaTeX Font Info:    Try loading font information for U+msa on input line 24.

(/usr/local/texlive/2014/texmf-dist/tex/latex/amsfonts/umsa.fd
File: umsa.fd 2013/01/14 v3.01 AMS symbols A
)
LaTeX Font Info:    Try loading font information for U+msb on input line 24.

(/usr/local/texlive/2014/texmf-dist/tex/latex/amsfonts/umsb.fd
File: umsb.fd 2013/01/14 v3.01 AMS symbols B
)) [1


]
\openout2 = `htwg/abstract.aux'.


(./htwg/abstract.tex) [2


]
\openout2 = `htwg/affidavit.aux'.

 (./htwg/affidavit.tex
Underfull \hbox (badness 10000) in paragraph at lines 4--6

 []


Underfull \hbox (badness 1226) in paragraph at lines 11--15
\T1/cmr/m/n/10.95 und Pro-gram-men aus der Lit-er-atur oder an-deren Quellen (I
n-ter-
 []


Underfull \hbox (badness 10000) in paragraph at lines 19--21

 []

) [3



] [4

]
------------------------------------------------------------------------------
 Acknowledgements
------------------------------------------------------------------------------
[5

]
------------------------------------------------------------------------------
 Table of Contents
------------------------------------------------------------------------------
(./thesis.toc [6


] [7])
\tf@toc=\write7
\openout7 = `thesis.toc'.

 [8]
------------------------------------------------------------------------------
 List of Figures
------------------------------------------------------------------------------
(./thesis.lof)
\tf@lof=\write8
\openout8 = `thesis.lof'.

 [9


]
------------------------------------------------------------------------------
 Abbreviations
------------------------------------------------------------------------------
[10



] (./Chapters/Chapter1.tex
Chapter 1.
------------------------------------------------------------------------------
 1 Introduction
------------------------------------------------------------------------------
[1



] [2]) (./Chapters/Chapter2.tex [3]
Chapter 2.
------------------------------------------------------------------------------
 2 Theoretical Background, Fundamentals and Preliminary Work
------------------------------------------------------------------------------
[4

] [5]
Overfull \hbox (3.28644pt too wide) in paragraph at lines 64--66
\T1/cmr/m/n/10.95 Nowadays, we en-counter this be-hav-ior in many smart-phone a
p-pli-ca-tions like weather
 []

[6] [7] <Figures/sensors-growth.png, id=776, 655.44875pt x 451.6875pt>
File: Figures/sensors-growth.png Graphic file (type png)

<use Figures/sensors-growth.png>
Package pdftex.def Info: Figures/sensors-growth.png used on input line 109.
(pdftex.def)             Requested size: 198.79642pt x 136.99252pt.
 [8 <./Figures/sensors-growth.png>] [9]
<Figures/mems-rot.png, id=796, 915.42pt x 666.49pt>
File: Figures/mems-rot.png Graphic file (type png)
 <use Figures/mems-rot.png>
Package pdftex.def Info: Figures/mems-rot.png used on input line 147.
(pdftex.def)             Requested size: 188.1512pt x 136.99252pt.

[10 <./Figures/mems-rot.png>] [11] [12]
Overfull \hbox (7.16238pt too wide) in paragraph at lines 220--221
[]\T1/cmr/m/n/10.95 The GPS ac-cu-racy of cur-rent con-sumer tablets and smart-
phones was ex-am-ined in [[][]Musulin,
 []

[13] [14] <Pictures/proto1.png, id=847, 1541.76pt x 2055.68pt>
File: Pictures/proto1.png Graphic file (type png)

<use Pictures/proto1.png>
Package pdftex.def Info: Pictures/proto1.png used on input line 274.
(pdftex.def)             Requested size: 205.47026pt x 273.98505pt.
 [15]
<Pictures/proto2.png, id=853, 1541.76pt x 2055.68pt>
File: Pictures/proto2.png Graphic file (type png)
 <use Pictures/proto2.png>
Package pdftex.def Info: Pictures/proto2.png used on input line 282.
(pdftex.def)             Requested size: 205.47026pt x 273.98505pt.

<Pictures/proto3.png, id=854, 1541.76pt x 2055.68pt>
File: Pictures/proto3.png Graphic file (type png)
 <use Pictures/proto3.png>
Package pdftex.def Info: Pictures/proto3.png used on input line 283.
(pdftex.def)             Requested size: 205.47026pt x 273.98505pt.

[16 <./Pictures/proto1.png> <./Pictures/proto2.png> <./Pictures/proto3.png>]
<Pictures/experiment.png, id=859, 1029.0445pt x 1502.0115pt>
File: Pictures/experiment.png Graphic file (type png)

<use Pictures/experiment.png>
Package pdftex.def Info: Pictures/experiment.png used on input line 301.
(pdftex.def)             Requested size: 140.78354pt x 205.494pt.
 [17 <./Pictures/experiment.png>]
<Figures/diagram-beacons-gaps.png, id=868, 960.58875pt x 421.575pt>
File: Figures/diagram-beacons-gaps.png Graphic file (type png)

<use Figures/diagram-beacons-gaps.png>
Package pdftex.def Info: Figures/diagram-beacons-gaps.png used on input line 34
1.
(pdftex.def)             Requested size: 280.92343pt x 123.29013pt.

<Figures/diagram-beacons.png, id=869, 982.67125pt x 567.11874pt>
File: Figures/diagram-beacons.png Graphic file (type png)

<use Figures/diagram-beacons.png>
Package pdftex.def Info: Figures/diagram-beacons.png used on input line 349.
(pdftex.def)             Requested size: 356.07051pt x 205.494pt.
 [18 <./Figures/diagram-beacons-gaps.png>]
[19 <./Figures/diagram-beacons.png>]
<Figures/earths_geoidII.png, id=885, 744.7825pt x 469.755pt>
File: Figures/earths_geoidII.png Graphic file (type png)

<use Figures/earths_geoidII.png>
Package pdftex.def Info: Figures/earths_geoidII.png used on input line 378.
(pdftex.def)             Requested size: 238.91486pt x 150.6949pt.
 [20 <./Figures/earths_geoidII.png>]

LaTeX Warning: Command \textdegree invalid in math mode on input line 409.


LaTeX Warning: Command \textdegree invalid in math mode on input line 409.

Missing character: There is no  in font cmr10!
[21] <Pictures/google-apple-maps.png, id=903, 1625.07124pt x 624.3325pt>
File: Pictures/google-apple-maps.png Graphic file (type png)

<use Pictures/google-apple-maps.png>
Package pdftex.def Info: Pictures/google-apple-maps.png used on input line 427.

(pdftex.def)             Requested size: 392.23196pt x 150.6949pt.
 [22 <./Pictures/google-apple-maps.png>]
Overfull \hbox (4.23909pt too wide) in alignment at lines 456--458
 [] [] [] 
 []

LaTeX Font Info:    Try loading font information for T1+cmtt on input line 468.

(/usr/local/texlive/2014/texmf-dist/tex/latex/base/t1cmtt.fd
File: t1cmtt.fd 1999/05/25 v2.5h Standard LaTeX font definitions
)
Overfull \hbox (4.23909pt too wide) in alignment at lines 458--479
 [] [] [] 
 []


Underfull \vbox (badness 10000) detected at line 479
 []


Overfull \hbox (4.23909pt too wide) in alignment at lines 479--498
 [] [] [] 
 []

[23] [24] [25]
Overfull \hbox (5.75223pt too wide) in paragraph at lines 548--549
[]\T1/cmr/m/n/10.95 The first println state-ment out-puts 'Op-tional("Swift")' 
be-cause the string value is wrapped
 []

[26] [27] [28] [29] [30]
<Pictures/couchbase-lite.png, id=1032, 421.575pt x 306.54526pt>
File: Pictures/couchbase-lite.png Graphic file (type png)

<use Pictures/couchbase-lite.png>
Package pdftex.def Info: Pictures/couchbase-lite.png used on input line 710.
(pdftex.def)             Requested size: 235.50787pt x 171.24327pt.
 [31 <./Pictures/couchbase-lite.png>] [32]
<Pictures/play-stack.png, id=1054, 781.92125pt x 343.2825pt>
File: Pictures/play-stack.png Graphic file (type png)

<use Pictures/play-stack.png>
Package pdftex.def Info: Pictures/play-stack.png used on input line 747.
(pdftex.def)             Requested size: 390.0529pt x 171.24327pt.
 [33 <./Pictures/play-stack.png>])
(./Chapters/Chapter3.tex [34]
Chapter 3.
------------------------------------------------------------------------------
 3 System Overview
------------------------------------------------------------------------------
<Figures/system-overview.png, id=1070, 658.3797pt x 612.1269pt>
File: Figures/system-overview.png Graphic file (type png)

<use Figures/system-overview.png>
Package pdftex.def Info: Figures/system-overview.png used on input line 24.
(pdftex.def)             Requested size: 359.20663pt x 333.97972pt.
 [35

]
<Figures/data-model-site.png, id=1076, 599.1183pt x 322.0833pt>
File: Figures/data-model-site.png Graphic file (type png)

<use Figures/data-model-site.png>
Package pdftex.def Info: Figures/data-model-site.png used on input line 43.
(pdftex.def)             Requested size: 388.27956pt x 208.73653pt.
 [36 <./Figures/system-overview.png>]
<Figures/relational-db-1n.png, id=1083, 654.2844pt x 181.6386pt>
File: Figures/relational-db-1n.png Graphic file (type png)

<use Figures/relational-db-1n.png>
Package pdftex.def Info: Figures/relational-db-1n.png used on input line 55.
(pdftex.def)             Requested size: 292.22987pt x 81.12685pt.
 [37 <./Figures/data-model-site.png> <./Figures/relational-db-1n.png>] [38] [39
]
<Figures/data-model-trace.png, id=1135, 479.6319pt x 409.2891pt>
File: Figures/data-model-trace.png Graphic file (type png)

<use Figures/data-model-trace.png>
Package pdftex.def Info: Figures/data-model-trace.png used on input line 117.
(pdftex.def)             Requested size: 244.60902pt x 208.73653pt.
 [40 <./Figures/data-model-trace.png>])
(./Chapters/Chapter4.tex [41] [42]
Chapter 4.
------------------------------------------------------------------------------
 4 CA Guide Mobile Application
------------------------------------------------------------------------------
[43

] (/usr/local/texlive/2014/texmf-dist/tex/latex/listings/lstlang1.sty
File: lstlang1.sty 2014/03/04 1.5c listings language file
)
(/usr/local/texlive/2014/texmf-dist/tex/latex/listings/lstmisc.sty
File: lstmisc.sty 2014/03/04 1.5c (Carsten Heinz)
)
<Figures/layers-guide-app.png, id=1207, 964.5636pt x 575.0283pt>
File: Figures/layers-guide-app.png Graphic file (type png)

<use Figures/layers-guide-app.png>
Package pdftex.def Info: Figures/layers-guide-app.png used on input line 59.
(pdftex.def)             Requested size: 375.7232pt x 223.98813pt.
 [44]
<Figures/layers-guide-refined-app.png, id=1231, 827.9733pt x 606.1044pt>
File: Figures/layers-guide-refined-app.png Graphic file (type png)

<use Figures/layers-guide-refined-app.png>
Package pdftex.def Info: Figures/layers-guide-refined-app.png used on input lin
e 69.
(pdftex.def)             Requested size: 375.7232pt x 275.03806pt.
 [45 <./Figures/layers-guide-app.png>]
<Figures/layers-app-dataflow-accelerometer.png, id=1239, 827.9733pt x 593.0958p
t>
File: Figures/layers-app-dataflow-accelerometer.png Graphic file (type png)
 <use Figures/layers-app-dataflow-accelerometer.png>
Package pdftex.def Info: Figures/layers-app-dataflow-accelerometer.png used on 
input line 79.
(pdftex.def)             Requested size: 375.7232pt x 269.13501pt.
 [46 <./Figures/layers-guide-refined-app.png>]
File: Figures/layers-app-dataflow-accelerometer.png Graphic file (type png)
 <use Figures/layers-app-dataflow-accelerometer.png>
Package pdftex.def Info: Figures/layers-app-dataflow-accelerometer.png used on 
input line 89.
(pdftex.def)             Requested size: 375.7232pt x 269.13501pt.

[47 <./Figures/layers-app-dataflow-accelerometer.png>]
<Figures/class-diagram-guide-app.png, id=1252, 1089.8316pt x 1005.5166pt>
File: Figures/class-diagram-guide-app.png Graphic file (type png)

<use Figures/class-diagram-guide-app.png>
Package pdftex.def Info: Figures/class-diagram-guide-app.png used on input line
 105.
(pdftex.def)             Requested size: 417.47307pt x 385.16887pt.
 [48] [49 <./Figures/class-diagram-guide-app.png>]) (./Chapters/Chapter5.tex [5
0]
Chapter 5.
------------------------------------------------------------------------------
 5 CA Guide Back End
------------------------------------------------------------------------------
[51

] [52] <Pictures/typescript-idea.png, id=1299, 958.58125pt x 350.30875pt>
File: Pictures/typescript-idea.png Graphic file (type png)

<use Pictures/typescript-idea.png>
Package pdftex.def Info: Pictures/typescript-idea.png used on input line 62.
(pdftex.def)             Requested size: 375.7232pt x 137.30405pt.
 [53] [54 <./Pictures/typescript-idea.png>]
Overfull \hbox (3.46877pt too wide) in paragraph at lines 105--106
\T1/cmr/m/n/10.95 ReactiveCouchbase is an open-source database driver for con-n
ect-ing a Couch-base database
 []

[55] [56] [57]) (./Chapters/Chapter6.tex [58]
Chapter 6.
------------------------------------------------------------------------------
 6 System Review
------------------------------------------------------------------------------
) (./Chapters/Chapter7.tex [59

]
Chapter 7.
------------------------------------------------------------------------------
 7 Conclusion
------------------------------------------------------------------------------
) (./Appendices/AppendixA.tex [60

] [61]
Appendix A.
------------------------------------------------------------------------------
 A JSON Site Modelling File
------------------------------------------------------------------------------
) [62

]
------------------------------------------------------------------------------
 Bibliography
------------------------------------------------------------------------------

Overfull \hbox (11.27635pt too wide) in paragraph at lines 409--409
\T1/cmr/m/it/10.95 Ubiq-ui-tous Com-put-ing\T1/cmr/m/n/10.95 . HUC '99. Karl-sr
uhe, Ger-many: Springer-
 []


Overfull \hbox (12.22305pt too wide) in paragraph at lines 409--409
[]\T1/cmr/m/n/10.95 Michael Anger-mann and Patrick Robert-son. ``Foot-SLAM: Ped
es-
 []

[63


]
Overfull \hbox (31.70657pt too wide) in paragraph at lines 409--409
\T1/cmr/m/it/10.95 Scala: Cov-ers Play 2\T1/cmr/m/n/10.95 . Man-ning Pub-li-ca-
tions, 2014. \T1/cmr/m/sc/10.95 isbn\T1/cmr/m/n/10.95 : 1617290793. 
 []

[64]

Package biblatex Warning: No driver for entry type 'url'.
(biblatex)                Using fallback driver on input line 410.


Package biblatex Warning: No driver for entry type 'url'.
(biblatex)                Using fallback driver on input line 410.


Package biblatex Warning: No driver for entry type 'url'.
(biblatex)                Using fallback driver on input line 410.


Overfull \hbox (3.1031pt too wide) in paragraph at lines 410--410
[]\T1/cmr/m/n/10.95 Apple. \T1/cmr/m/it/10.95 Grand Cen-tral Dis-patch (GCD) Re
f-er-ence\T1/cmr/m/n/10.95 . \T1/cmr/m/sc/10.95 url\T1/cmr/m/n/10.95 : [][]$\T1
/cmtt/m/n/10.95 https :
 []


Package biblatex Warning: No driver for entry type 'url'.
(biblatex)                Using fallback driver on input line 410.


Package biblatex Warning: No driver for entry type 'url'.
(biblatex)                Using fallback driver on input line 410.


Package biblatex Warning: No driver for entry type 'url'.
(biblatex)                Using fallback driver on input line 410.


Package biblatex Warning: No driver for entry type 'url'.
(biblatex)                Using fallback driver on input line 410.


Package biblatex Warning: No driver for entry type 'url'.
(biblatex)                Using fallback driver on input line 410.


Overfull \hbox (10.44646pt too wide) in paragraph at lines 410--410
[]\T1/cmr/m/n/10.95 Sbastien Do-er-aene. \T1/cmr/m/it/10.95 Scala.js no longer
 ex-per-i-men-tal\T1/cmr/m/n/10.95 . \T1/cmr/m/sc/10.95 url\T1/cmr/m/n/10.95 : 
[][]$\T1/cmtt/m/n/10.95 http :
 []

[65]

Package biblatex Warning: No driver for entry type 'url'.
(biblatex)                Using fallback driver on input line 410.


Overfull \hbox (8.56088pt too wide) in paragraph at lines 410--410
\T1/cmr/m/it/10.95 piler\T1/cmr/m/n/10.95 . \T1/cmr/m/sc/10.95 url\T1/cmr/m/n/1
0.95 : [][]$\T1/cmtt/m/n/10.95 http : / / www . scala -[] js . org$[][] \T1/cmr
/m/n/10.95 (vis-ited on 03/17/2015). 
 []


Package biblatex Warning: No driver for entry type 'url'.
(biblatex)                Using fallback driver on input line 410.


Package biblatex Warning: No driver for entry type 'url'.
(biblatex)                Using fallback driver on input line 410.


Package biblatex Warning: No driver for entry type 'url'.
(biblatex)                Using fallback driver on input line 410.


Package biblatex Warning: No driver for entry type 'url'.
(biblatex)                Using fallback driver on input line 410.


Overfull \hbox (16.60588pt too wide) in paragraph at lines 410--410
[]\T1/cmr/m/n/10.95 Philipp Haller et al. \T1/cmr/m/it/10.95 Scala Doc-u-men-ta
-tion - Fu-tures and Promises\T1/cmr/m/n/10.95 .
 []


Package biblatex Warning: No driver for entry type 'url'.
(biblatex)                Using fallback driver on input line 410.


Package biblatex Warning: No driver for entry type 'url'.
(biblatex)                Using fallback driver on input line 410.


Package biblatex Warning: No driver for entry type 'url'.
(biblatex)                Using fallback driver on input line 410.


Package biblatex Warning: No driver for entry type 'url'.
(biblatex)                Using fallback driver on input line 410.


Overfull \hbox (4.9514pt too wide) in paragraph at lines 410--410
\T1/cmtt/m/n/10.95 prerelease / ios / documentation / CoreLocation / Reference 
/
 []

[66]

Package biblatex Warning: No driver for entry type 'url'.
(biblatex)                Using fallback driver on input line 410.


Overfull \hbox (13.61339pt too wide) in paragraph at lines 410--410
\T1/cmr/m/it/10.95 sions\T1/cmr/m/n/10.95 . \T1/cmr/m/sc/10.95 url\T1/cmr/m/n/1
0.95 : [][]$\T1/cmtt/m/n/10.95 https : / / developer . apple . com / xcode / do
wnloads/$[][]
 []


Package biblatex Warning: No driver for entry type 'url'.
(biblatex)                Using fallback driver on input line 410.


Package biblatex Warning: No driver for entry type 'url'.
(biblatex)                Using fallback driver on input line 410.


Overfull \hbox (8.10732pt too wide) in paragraph at lines 410--410
[]\T1/cmr/m/n/10.95 Couchbase Inc. \T1/cmr/m/it/10.95 Couch-base Mo-bile NoSQL 
Database\T1/cmr/m/n/10.95 . \T1/cmr/m/sc/10.95 url\T1/cmr/m/n/10.95 : [][]$\T1/
cmtt/m/n/10.95 http :
 []


Package biblatex Warning: No driver for entry type 'url'.
(biblatex)                Using fallback driver on input line 410.


Overfull \hbox (6.97562pt too wide) in paragraph at lines 410--410
[]\T1/cmr/m/n/10.95 Couchbase Inc. \T1/cmr/m/it/10.95 Couch-base NoSQL Database
 Server\T1/cmr/m/n/10.95 . \T1/cmr/m/sc/10.95 url\T1/cmr/m/n/10.95 : [][]$\T1/c
mtt/m/n/10.95 http :
 []


Package biblatex Warning: No driver for entry type 'url'.
(biblatex)                Using fallback driver on input line 410.


Overfull \hbox (15.31427pt too wide) in paragraph at lines 410--410
\T1/cmr/m/sc/10.95 url\T1/cmr/m/n/10.95 : [][]$\T1/cmtt/m/n/10.95 http : / / ww
w . typescriptlang . org$[][] \T1/cmr/m/n/10.95 (vis-ited on 03/12/2015). 
 []


Package biblatex Warning: No driver for entry type 'url'.
(biblatex)                Using fallback driver on input line 410.


Overfull \hbox (43.8664pt too wide) in paragraph at lines 410--410
[]\T1/cmr/m/n/10.95 Jan Macacek. \T1/cmr/m/it/10.95 Type-safe DSL\T1/cmr/m/n/10
.95 . 2011. \T1/cmr/m/sc/10.95 url\T1/cmr/m/n/10.95 : [][]$\T1/cmtt/m/n/10.95 h
ttp : / / www . cakesolutions .
 []


Package biblatex Warning: No driver for entry type 'url'.
(biblatex)                Using fallback driver on input line 410.


Package biblatex Warning: No driver for entry type 'url'.
(biblatex)                Using fallback driver on input line 410.


Overfull \hbox (5.4941pt too wide) in paragraph at lines 410--410
[]\T1/cmr/m/n/10.95 NASA. \T1/cmr/m/it/10.95 The NASA GSFC and NIMA Joint Geopo
-ten-tial Model\T1/cmr/m/n/10.95 .
 []


Package biblatex Warning: No driver for entry type 'url'.
(biblatex)                Using fallback driver on input line 410.


Package biblatex Warning: No driver for entry type 'url'.
(biblatex)                Using fallback driver on input line 410.


Package biblatex Warning: No driver for entry type 'url'.
(biblatex)                Using fallback driver on input line 410.

[67]

Package biblatex Warning: No driver for entry type 'url'.
(biblatex)                Using fallback driver on input line 410.


Package biblatex Warning: No driver for entry type 'url'.
(biblatex)                Using fallback driver on input line 410.


Package biblatex Warning: No driver for entry type 'url'.
(biblatex)                Using fallback driver on input line 410.


Overfull \hbox (11.12814pt too wide) in paragraph at lines 410--410
\T1/cmr/m/it/10.95 for Type-Script type def-i-ni-tions\T1/cmr/m/n/10.95 . \T1/c
mr/m/sc/10.95 url\T1/cmr/m/n/10.95 : [][]$\T1/cmtt/m/n/10.95 http : / / definit
elytyped .
 []

[68]
Package atveryend Info: Empty hook `BeforeClearDocument' on input line 412.
Package atveryend Info: Empty hook `AfterLastShipout' on input line 412.
 (./thesis.aux (./htwg/cover.aux) (./htwg/title.aux) (./htwg/abstract.aux)
(./htwg/affidavit.aux))
Package atveryend Info: Executing hook `AtVeryEndDocument' on input line 412.
Package atveryend Info: Executing hook `AtEndAfterFileList' on input line 412.


Package rerunfilecheck Warning: File `thesis.out' has changed.
(rerunfilecheck)                Rerun to get outlines right
(rerunfilecheck)                or use package `bookmark'.

Package rerunfilecheck Info: Checksums for `thesis.out':
(rerunfilecheck)             Before: 8C9AE42249098351BDFE2608879A299E;22533
(rerunfilecheck)             After:  832BA261BC3176047EF109F55FE60DD4;22533.

LaTeX Warning: Label(s) may have changed. Rerun to get cross-references right.

Package logreq Info: Writing requests to 'thesis.run.xml'.
\openout1 = `thesis.run.xml'.

Package atveryend Info: Empty hook `AtVeryVeryEnd' on input line 412.
 ) 
Here is how much of TeX's memory you used:
 34254 strings out of 493117
 627839 string characters out of 6135432
 1173676 words of memory out of 5000000
 36517 multiletter control sequences out of 15000+600000
 29774 words of font info for 70 fonts, out of 8000000 for 9000
 1141 hyphenation exceptions out of 8191
 55i,12n,84p,994b,1862s stack positions out of 5000i,500n,10000p,200000b,80000s
pdfTeX warning (dest): name{Hfootnote.83} has been referenced but does not ex
ist, replaced by a fixed one

pdfTeX warning (dest): name{Hfootnote.82} has been referenced but does not exis
t, replaced by a fixed one

pdfTeX warning (dest): name{figure.caption.274} has been referenced but does no
t exist, replaced by a fixed one

pdfTeX warning (dest): name{figure.caption.260} has been referenced but does no
t exist, replaced by a fixed one

pdfTeX warning (dest): name{figure.caption.259} has been referenced but does no
t exist, replaced by a fixed one

pdfTeX warning (dest): name{figure.caption.258} has been referenced but does no
t exist, replaced by a fixed one

pdfTeX warning (dest): name{figure.caption.257} has been referenced but does no
t exist, replaced by a fixed one

pdfTeX warning (dest): name{figure.caption.256} has been referenced but does no
t exist, replaced by a fixed one

pdfTeX warning (dest): name{dummy.333} has been referenced but does not exist, 
replaced by a fixed one

pdfTeX warning (dest): name{appendix.332} has been referenced but does not exis
t, replaced by a fixed one

pdfTeX warning (dest): name{subsection.330} has been referenced but does not ex
ist, replaced by a fixed one

pdfTeX warning (dest): name{subsection.329} has been referenced but does not ex
ist, replaced by a fixed one

pdfTeX warning (dest): name{section.328} has been referenced but does not exist
, replaced by a fixed one

pdfTeX warning (dest): name{chapter.327} has been referenced but does not exist
, replaced by a fixed one

pdfTeX warning (dest): name{section.326} has been referenced but does not exist
, replaced by a fixed one

pdfTeX warning (dest): name{section.325} has been referenced but does not exist
, replaced by a fixed one

pdfTeX warning (dest): name{subsection.324} has been referenced but does not ex
ist, replaced by a fixed one

pdfTeX warning (dest): name{subsection.323} has been referenced but does not ex
ist, replaced by a fixed one

pdfTeX warning (dest): name{section.322} has been referenced but does not exist
, replaced by a fixed one

pdfTeX warning (dest): name{section.321} has been referenced but does not exist
, replaced by a fixed one

pdfTeX warning (dest): name{chapter.320} has been referenced but does not exist
, replaced by a fixed one

pdfTeX warning (dest): name{subsubsection.318} has been referenced but does not
 exist, replaced by a fixed one

pdfTeX warning (dest): name{subsubsection.317} has been referenced but does not
 exist, replaced by a fixed one

pdfTeX warning (dest): name{subsection.316} has been referenced but does not ex
ist, replaced by a fixed one

pdfTeX warning (dest): name{subsubsection.314} has been referenced but does not
 exist, replaced by a fixed one

pdfTeX warning (dest): name{subsubsection.313} has been referenced but does not
 exist, replaced by a fixed one

pdfTeX warning (dest): name{subsubsection.312} has been referenced but does not
 exist, replaced by a fixed one

pdfTeX warning (dest): name{subsection.311} has been referenced but does not ex
ist, replaced by a fixed one

pdfTeX warning (dest): name{subsubsection.310} has been referenced but does not
 exist, replaced by a fixed one

pdfTeX warning (dest): name{subsubsection.309} has been referenced but does not
 exist, replaced by a fixed one

pdfTeX warning (dest): name{subsection.308} has been referenced but does not ex
ist, replaced by a fixed one

pdfTeX warning (dest): name{subsection.307} has been referenced but does not ex
ist, replaced by a fixed one

pdfTeX warning (dest): name{section.306} has been referenced but does not exist
, replaced by a fixed one

pdfTeX warning (dest): name{subsection.305} has been referenced but does not ex
ist, replaced by a fixed one

pdfTeX warning (dest): name{subsection.304} has been referenced but does not ex
ist, replaced by a fixed one

pdfTeX warning (dest): name{subsection.296} has been referenced but does not ex
ist, replaced by a fixed one

pdfTeX warning (dest): name{subsection.278} has been referenced but does not ex
ist, replaced by a fixed one

pdfTeX warning (dest): name{subsection.277} has been referenced but does not ex
ist, replaced by a fixed one

pdfTeX warning (dest): name{subsubsection.275} has been referenced but does not
 exist, replaced by a fixed one

pdfTeX warning (dest): name{subsubsection.273} has been referenced but does not
 exist, replaced by a fixed one

pdfTeX warning (dest): name{subsection.272} has been referenced but does not ex
ist, replaced by a fixed one

pdfTeX warning (dest): name{subsection.270} has been referenced but does not ex
ist, replaced by a fixed one

pdfTeX warning (dest): name{section.269} has been referenced but does not exist
, replaced by a fixed one

pdfTeX warning (dest): name{section.268} has been referenced but does not exist
, replaced by a fixed one

pdfTeX warning (dest): name{section.266} has been referenced but does not exist
, replaced by a fixed one

pdfTeX warning (dest): name{chapter.265} has been referenced but does not exist
, replaced by a fixed one

pdfTeX warning (dest): name{section.264} has been referenced but does not exist
, replaced by a fixed one

pdfTeX warning (dest): name{section.263} has been referenced but does not exist
, replaced by a fixed one

pdfTeX warning (dest): name{section.262} has been referenced but does not exist
, replaced by a fixed one

pdfTeX warning (dest): name{subsection.261} has been referenced but does not ex
ist, replaced by a fixed one

pdfTeX warning (dest): name{section.255} has been referenced but does not exist
, replaced by a fixed one

pdfTeX warning (dest): name{section.242} has been referenced but does not exist
, replaced by a fixed one

pdfTeX warning (dest): name{section.241} has been referenced but does not exist
, replaced by a fixed one

pdfTeX warning (dest): name{section.240} has been referenced but does not exist
, replaced by a fixed one

pdfTeX warning (dest): name{chapter.239} has been referenced but does not exist
, replaced by a fixed one

pdfTeX warning (dest): name{section.238} has been referenced but does not exist
, replaced by a fixed one

{/usr/local/texlive/2014/texmf-dist/fonts/enc/dvips/cm-super/cm-super-ts1.enc}{
/usr/local/texlive/2014/texmf-dist/fonts/enc/dvips/cm-super/cm-super-t1.enc}</u
sr/local/texlive/2014/texmf-dist/fonts/type1/public/amsfonts/cm/cmmi10.pfb></us
r/local/texlive/2014/texmf-dist/fonts/type1/public/amsfonts/cm/cmmi8.pfb></usr/
local/texlive/2014/texmf-dist/fonts/type1/public/amsfonts/cm/cmr10.pfb></usr/lo
cal/texlive/2014/texmf-dist/fonts/type1/public/amsfonts/cm/cmr6.pfb></usr/local
/texlive/2014/texmf-dist/fonts/type1/public/amsfonts/cm/cmr8.pfb></usr/local/te
xlive/2014/texmf-dist/fonts/type1/public/amsfonts/cm/cmsy10.pfb></usr/local/tex
live/2014/texmf-dist/fonts/type1/public/amsfonts/cm/cmsy8.pfb></usr/local/texli
ve/2014/texmf-dist/fonts/type1/public/amsfonts/cm/cmsy9.pfb></usr/local/texlive
/2014/texmf-dist/fonts/type1/public/cm-super/sfbx1095.pfb></usr/local/texlive/2
014/texmf-dist/fonts/type1/public/cm-super/sfbx1200.pfb></usr/local/texlive/201
4/texmf-dist/fonts/type1/public/cm-super/sfbx1440.pfb></usr/local/texlive/2014/
texmf-dist/fonts/type1/public/cm-super/sfbx2074.pfb></usr/local/texlive/2014/te
xmf-dist/fonts/type1/public/cm-super/sfbx2488.pfb></usr/local/texlive/2014/texm
f-dist/fonts/type1/public/cm-super/sfcc1000.pfb></usr/local/texlive/2014/texmf-
dist/fonts/type1/public/cm-super/sfcc1095.pfb></usr/local/texlive/2014/texmf-di
st/fonts/type1/public/cm-super/sfrm0600.pfb></usr/local/texlive/2014/texmf-dist
/fonts/type1/public/cm-super/sfrm0800.pfb></usr/local/texlive/2014/texmf-dist/f
onts/type1/public/cm-super/sfrm0900.pfb></usr/local/texlive/2014/texmf-dist/fon
ts/type1/public/cm-super/sfrm1000.pfb></usr/local/texlive/2014/texmf-dist/fonts
/type1/public/cm-super/sfrm1095.pfb></usr/local/texlive/2014/texmf-dist/fonts/t
ype1/public/cm-super/sfss1440.pfb></usr/local/texlive/2014/texmf-dist/fonts/typ
e1/public/cm-super/sfss2074.pfb></usr/local/texlive/2014/texmf-dist/fonts/type1
/public/cm-super/sfss2488.pfb></usr/local/texlive/2014/texmf-dist/fonts/type1/p
ublic/cm-super/sfti1095.pfb></usr/local/texlive/2014/texmf-dist/fonts/type1/pub
lic/cm-super/sfti1440.pfb></usr/local/texlive/2014/texmf-dist/fonts/type1/publi
c/cm-super/sfti2074.pfb></usr/local/texlive/2014/texmf-dist/fonts/type1/public/
cm-super/sftt0800.pfb></usr/local/texlive/2014/texmf-dist/fonts/type1/public/cm
-super/sftt1000.pfb></usr/local/texlive/2014/texmf-dist/fonts/type1/public/cm-s
uper/sftt1095.pfb>
Output written on thesis.pdf (79 pages, 17011477 bytes).
PDF statistics:
 1741 PDF objects out of 2073 (max. 8388607)
 1554 compressed objects within 16 object streams
 529 named destinations out of 1000 (max. 500000)
 1123 words of extra memory for PDF output out of 10000 (max. 10000000)

