\BOOKMARK [0][-]{dummy.1}{\376\377\000A\000b\000s\000t\000r\000a\000c\000t}{}% 1
\BOOKMARK [0][-]{chapter*.2}{\376\377\000E\000h\000r\000e\000n\000w\000\366\000r\000t\000l\000i\000c\000h\000e\000\040\000E\000r\000k\000l\000\344\000r\000u\000n\000g}{}% 2
\BOOKMARK [0][-]{dummy.3}{\376\377\000A\000c\000k\000n\000o\000w\000l\000e\000d\000g\000e\000m\000e\000n\000t\000s}{}% 3
\BOOKMARK [0][-]{dummy.4}{\376\377\000C\000o\000n\000t\000e\000n\000t\000s}{}% 4
\BOOKMARK [0][-]{dummy.6}{\376\377\000L\000i\000s\000t\000\040\000o\000f\000\040\000F\000i\000g\000u\000r\000e\000s}{}% 5
\BOOKMARK [0][-]{dummy.8}{\376\377\000A\000b\000b\000r\000e\000v\000i\000a\000t\000i\000o\000n\000s}{}% 6
\BOOKMARK [0][-]{chapter.11}{\376\377\0001\000\040\000I\000n\000t\000r\000o\000d\000u\000c\000t\000i\000o\000n}{}% 7
\BOOKMARK [1][-]{section.12}{\376\377\0001\000.\0001\000\040\000T\000h\000e\000\040\000g\000o\000a\000l\000\040\000o\000f\000\040\000t\000h\000i\000s\000\040\000w\000o\000r\000k}{chapter.11}% 8
\BOOKMARK [1][-]{section.13}{\376\377\0001\000.\0002\000\040\000M\000o\000t\000i\000v\000a\000t\000i\000o\000n}{chapter.11}% 9
\BOOKMARK [1][-]{section.15}{\376\377\0001\000.\0003\000\040\000T\000h\000e\000\040\000A\000p\000p\000r\000o\000a\000c\000h}{chapter.11}% 10
\BOOKMARK [0][-]{chapter.16}{\376\377\0002\000\040\000T\000h\000e\000o\000r\000e\000t\000i\000c\000a\000l\000\040\000B\000a\000c\000k\000g\000r\000o\000u\000n\000d\000\040\000a\000n\000d\000\040\000F\000u\000n\000d\000a\000m\000e\000n\000t\000a\000l\000s}{}% 11
\BOOKMARK [1][-]{section.17}{\376\377\0002\000.\0001\000\040\000I\000n\000t\000r\000o\000d\000u\000c\000t\000i\000o\000n}{chapter.16}% 12
\BOOKMARK [1][-]{section.19}{\376\377\0002\000.\0002\000\040\000W\000h\000a\000t\000\040\000i\000s\000\040\000C\000o\000n\000t\000e\000x\000t\000-\000A\000w\000a\000r\000e\000\040\000C\000o\000m\000p\000u\000t\000i\000n\000g\000?}{chapter.16}% 13
\BOOKMARK [2][-]{subsection.20}{\376\377\0002\000.\0002\000.\0001\000\040\000D\000e\000f\000i\000n\000i\000t\000i\000o\000n\000\040\000o\000f\000\040\000C\000o\000n\000t\000e\000x\000t}{section.19}% 14
\BOOKMARK [2][-]{subsection.21}{\376\377\0002\000.\0002\000.\0002\000\040\000C\000a\000t\000e\000g\000o\000r\000i\000e\000s\000\040\000o\000f\000\040\000C\000o\000n\000t\000e\000x\000t}{section.19}% 15
\BOOKMARK [2][-]{subsection.26}{\376\377\0002\000.\0002\000.\0003\000\040\000C\000a\000t\000e\000g\000o\000r\000i\000e\000s\000\040\000o\000f\000\040\000C\000o\000n\000t\000e\000x\000t\000-\000A\000w\000a\000r\000e\000\040\000A\000p\000p\000l\000i\000c\000a\000t\000i\000o\000n\000s}{section.19}% 16
\BOOKMARK [2][-]{subsection.27}{\376\377\0002\000.\0002\000.\0004\000\040\000U\000b\000i\000q\000u\000i\000t\000o\000u\000s\000\040\000C\000o\000m\000p\000u\000t\000i\000n\000g}{section.19}% 17
\BOOKMARK [1][-]{section.28}{\376\377\0002\000.\0003\000\040\000S\000e\000n\000s\000o\000r\000s\000\040\000o\000f\000\040\000M\000o\000b\000i\000l\000e\000\040\000D\000e\000v\000i\000c\000e\000s}{chapter.16}% 18
\BOOKMARK [2][-]{subsection.29}{\376\377\0002\000.\0003\000.\0001\000\040\000I\000n\000t\000r\000o\000d\000u\000c\000t\000i\000o\000n}{section.28}% 19
\BOOKMARK [1][-]{section.36}{\376\377\0002\000.\0004\000\040\000L\000o\000c\000a\000l\000i\000z\000a\000t\000i\000o\000n\000\040\000T\000e\000c\000h\000n\000i\000q\000u\000e\000s}{chapter.16}% 20
\BOOKMARK [2][-]{subsection.37}{\376\377\0002\000.\0004\000.\0001\000\040\000I\000n\000t\000r\000o\000d\000u\000c\000t\000i\000o\000n}{section.36}% 21
\BOOKMARK [2][-]{subsection.38}{\376\377\0002\000.\0004\000.\0002\000\040\000C\000l\000a\000s\000s\000i\000f\000i\000c\000a\000t\000i\000o\000n}{section.36}% 22
\BOOKMARK [3][-]{subsubsection.39}{\376\377\0002\000.\0004\000.\0002\000.\0001\000\040\000T\000e\000c\000h\000n\000i\000q\000u\000e\000s\000\040\000U\000s\000i\000n\000g\000\040\000R\000e\000l\000a\000t\000i\000v\000e\000\040\000M\000e\000a\000s\000u\000r\000e\000m\000e\000n\000t\000s}{subsection.38}% 23
\BOOKMARK [3][-]{subsubsection.42}{\376\377\0002\000.\0004\000.\0002\000.\0002\000\040\000T\000e\000c\000h\000n\000i\000q\000u\000e\000s\000\040\000U\000s\000i\000n\000g\000\040\000A\000b\000s\000o\000l\000u\000t\000e\000\040\000M\000e\000a\000s\000u\000r\000e\000m\000e\000n\000t\000s}{subsection.38}% 24
\BOOKMARK [2][-]{subsection.48}{\376\377\0002\000.\0004\000.\0003\000\040\000D\000i\000s\000c\000u\000s\000s\000i\000o\000n}{section.36}% 25
\BOOKMARK [1][-]{section.49}{\376\377\0002\000.\0005\000\040\000G\000e\000o\000g\000r\000a\000p\000h\000i\000c\000\040\000C\000o\000o\000r\000d\000i\000n\000a\000t\000e\000s}{chapter.16}% 26
\BOOKMARK [2][-]{subsection.50}{\376\377\0002\000.\0005\000.\0001\000\040\000I\000n\000t\000r\000o\000d\000u\000c\000t\000i\000o\000n}{section.49}% 27
\BOOKMARK [2][-]{subsection.51}{\376\377\0002\000.\0005\000.\0002\000\040\000S\000t\000a\000n\000d\000a\000r\000d\000s}{section.49}% 28
\BOOKMARK [2][-]{subsection.53}{\376\377\0002\000.\0005\000.\0003\000\040\000W\000G\000S\0008\0004\000\040\000C\000o\000o\000r\000d\000i\000n\000a\000t\000e\000s}{section.49}% 29
\BOOKMARK [2][-]{subsection.54}{\376\377\0002\000.\0005\000.\0004\000\040\000U\000s\000i\000n\000g\000\040\000d\000i\000f\000f\000e\000r\000e\000n\000t\000\040\000M\000a\000p\000p\000i\000n\000g\000\040\000P\000r\000o\000v\000i\000d\000e\000r\000s}{section.49}% 30
\BOOKMARK [1][-]{section.57}{\376\377\0002\000.\0006\000\040\000B\000l\000u\000e\000t\000o\000o\000t\000h\000\040\000L\000o\000w\000\040\000E\000n\000e\000r\000g\000y\000\040\000B\000e\000a\000c\000o\000n\000s\000\040\000-\000\040\000i\000B\000e\000a\000c\000o\000n\000s}{chapter.16}% 31
\BOOKMARK [2][-]{subsection.58}{\376\377\0002\000.\0006\000.\0001\000\040\000W\000h\000a\000t\000\040\000i\000s\000\040\000a\000n\000\040\000i\000B\000e\000a\000c\000o\000n\000?}{section.57}% 32
\BOOKMARK [2][-]{subsection.59}{\376\377\0002\000.\0006\000.\0002\000\040\000T\000h\000e\000\040\000i\000B\000e\000a\000c\000o\000n\000\040\000P\000r\000o\000t\000o\000t\000y\000p\000e}{section.57}% 33
\BOOKMARK [3][-]{subsubsection.60}{\376\377\0002\000.\0006\000.\0002\000.\0001\000\040\000D\000e\000s\000i\000g\000n\000\040\000a\000n\000d\000\040\000I\000m\000p\000l\000e\000m\000e\000n\000t\000a\000t\000i\000o\000n}{subsection.59}% 34
\BOOKMARK [3][-]{subsubsection.63}{\376\377\0002\000.\0006\000.\0002\000.\0002\000\040\000M\000e\000a\000s\000u\000r\000e\000m\000e\000n\000t\000s\000\040\000a\000n\000d\000\040\000I\000n\000s\000i\000g\000h\000t\000s}{subsection.59}% 35
\BOOKMARK [1][-]{section.64}{\376\377\0002\000.\0007\000\040\000S\000w\000i\000f\000t}{chapter.16}% 36
\BOOKMARK [2][-]{subsection.65}{\376\377\0002\000.\0007\000.\0001\000\040\000W\000h\000a\000t\000\040\000i\000s\000\040\000S\000w\000i\000f\000t\000?}{section.64}% 37
\BOOKMARK [2][-]{subsection.66}{\376\377\0002\000.\0007\000.\0002\000\040\000C\000o\000m\000p\000a\000r\000i\000s\000o\000n\000\040\000S\000c\000a\000l\000a\000\040\000a\000n\000d\000\040\000S\000w\000i\000f\000t}{section.64}% 38
\BOOKMARK [2][-]{subsection.70}{\376\377\0002\000.\0007\000.\0003\000\040\000M\000a\000j\000o\000r\000\040\000D\000i\000f\000f\000e\000r\000e\000n\000c\000e\000s\000\040\000t\000o\000\040\000S\000c\000a\000l\000a}{section.64}% 39
\BOOKMARK [3][-]{subsubsection.71}{\376\377\0002\000.\0007\000.\0003\000.\0001\000\040\000I\000m\000p\000l\000i\000c\000i\000t\000\040\000T\000y\000p\000e\000\040\000C\000o\000n\000v\000e\000r\000s\000i\000o\000n\000s}{subsection.70}% 40
\BOOKMARK [3][-]{subsubsection.80}{\376\377\0002\000.\0007\000.\0003\000.\0002\000\040\000O\000p\000t\000i\000o\000n\000a\000l\000s}{subsection.70}% 41
\BOOKMARK [3][-]{subsubsection.95}{\376\377\0002\000.\0007\000.\0003\000.\0003\000\040\000G\000e\000t\000t\000e\000r\000\040\000a\000n\000d\000\040\000S\000e\000t\000t\000e\000r}{subsection.70}% 42
\BOOKMARK [3][-]{subsubsection.113}{\376\377\0002\000.\0007\000.\0003\000.\0004\000\040\000E\000x\000c\000e\000p\000t\000i\000o\000n\000\040\000H\000a\000n\000d\000l\000i\000n\000g}{subsection.70}% 43
\BOOKMARK [3][-]{subsubsection.132}{\376\377\0002\000.\0007\000.\0003\000.\0005\000\040\000N\000a\000m\000e\000d\000\040\000P\000a\000r\000a\000m\000e\000t\000e\000r\000s}{subsection.70}% 44
\BOOKMARK [3][-]{subsubsection.133}{\376\377\0002\000.\0007\000.\0003\000.\0006\000\040\000T\000h\000e\000\040\000L\000e\000g\000a\000c\000y\000\040\000o\000f\000\040\000O\000b\000j\000e\000c\000t\000i\000v\000e\000-\000C}{subsection.70}% 45
\BOOKMARK [3][-]{subsubsection.139}{\376\377\0002\000.\0007\000.\0003\000.\0007\000\040\000S\000u\000m\000m\000a\000r\000y}{subsection.70}% 46
\BOOKMARK [1][-]{section.141}{\376\377\0002\000.\0008\000\040\000i\000O\000S\000\040\000a\000n\000d\000\040\000C\000o\000c\000o\000a\000\040\000T\000o\000u\000c\000h}{chapter.16}% 47
\BOOKMARK [1][-]{section.142}{\376\377\0002\000.\0009\000\040\000C\000o\000u\000c\000h\000b\000a\000s\000e\000\040\000N\000o\000S\000Q\000L\000\040\000D\000a\000t\000a\000b\000a\000s\000e}{chapter.16}% 48
\BOOKMARK [2][-]{subsection.143}{\376\377\0002\000.\0009\000.\0001\000\040\000W\000h\000a\000t\000\040\000i\000s\000\040\000a\000\040\000N\000o\000S\000Q\000L\000\040\000D\000a\000t\000a\000b\000a\000s\000e\000?}{section.142}% 49
\BOOKMARK [2][-]{subsection.145}{\376\377\0002\000.\0009\000.\0002\000\040\000C\000o\000u\000c\000h\000b\000a\000s\000e}{section.142}% 50
\BOOKMARK [1][-]{section.148}{\376\377\0002\000.\0001\0000\000\040\000T\000y\000p\000e\000s\000a\000f\000e\000\040\000R\000e\000a\000c\000t\000i\000v\000e\000\040\000P\000l\000a\000t\000f\000o\000r\000m}{chapter.16}% 51
\BOOKMARK [2][-]{subsection.149}{\376\377\0002\000.\0001\0000\000.\0001\000\040\000O\000v\000e\000r\000v\000i\000e\000w}{section.148}% 52
\BOOKMARK [2][-]{subsection.150}{\376\377\0002\000.\0001\0000\000.\0002\000\040\000A\000c\000t\000i\000v\000a\000t\000o\000r\000\040\000T\000o\000o\000l}{section.148}% 53
\BOOKMARK [2][-]{subsection.151}{\376\377\0002\000.\0001\0000\000.\0003\000\040\000P\000l\000a\000y\000\040\000W\000e\000b\000\040\000F\000r\000a\000m\000e\000w\000o\000r\000k}{section.148}% 54
\BOOKMARK [0][-]{chapter.153}{\376\377\0003\000\040\000S\000y\000s\000t\000e\000m\000\040\000O\000v\000e\000r\000v\000i\000e\000w}{}% 55
\BOOKMARK [1][-]{section.154}{\376\377\0003\000.\0001\000\040\000I\000n\000t\000r\000o\000d\000u\000c\000t\000i\000o\000n}{chapter.153}% 56
\BOOKMARK [1][-]{section.157}{\376\377\0003\000.\0002\000\040\000D\000a\000t\000a\000\040\000S\000t\000r\000u\000c\000t\000u\000r\000e}{chapter.153}% 57
\BOOKMARK [2][-]{subsection.158}{\376\377\0003\000.\0002\000.\0001\000\040\000E\000x\000h\000i\000b\000i\000t\000i\000o\000n\000\040\000M\000o\000d\000e\000l\000l\000i\000n\000g}{section.157}% 58
\BOOKMARK [2][-]{subsection.181}{\376\377\0003\000.\0002\000.\0002\000\040\000S\000e\000n\000s\000o\000r\000\040\000D\000a\000t\000a}{section.157}% 59
\BOOKMARK [1][-]{section.213}{\376\377\0003\000.\0003\000\040\000S\000e\000t\000t\000i\000n\000g\000\040\000u\000p\000\040\000t\000h\000e\000\040\000C\000o\000u\000c\000h\000b\000a\000s\000e\000\040\000S\000e\000r\000v\000e\000r\000\040\000I\000n\000f\000r\000a\000s\000t\000r\000u\000c\000t\000u\000r\000e}{chapter.153}% 60
\BOOKMARK [0][-]{chapter.214}{\376\377\0004\000\040\000C\000A\000\040\000G\000u\000i\000d\000e\000\040\000M\000o\000b\000i\000l\000e\000\040\000A\000p\000p\000l\000i\000c\000a\000t\000i\000o\000n}{}% 61
\BOOKMARK [1][-]{section.215}{\376\377\0004\000.\0001\000\040\000I\000n\000t\000r\000o\000d\000u\000c\000t\000i\000o\000n\000\040\000a\000n\000d\000\040\000G\000o\000a\000l}{chapter.214}% 62
\BOOKMARK [1][-]{section.216}{\376\377\0004\000.\0002\000\040\000T\000h\000e\000\040\000T\000a\000r\000g\000e\000t\000\040\000P\000l\000a\000t\000f\000o\000r\000m}{chapter.214}% 63
\BOOKMARK [1][-]{section.217}{\376\377\0004\000.\0003\000\040\000S\000e\000t\000t\000i\000n\000g\000\040\000U\000p\000\040\000t\000h\000e\000\040\000D\000e\000v\000e\000l\000o\000p\000m\000e\000n\000t\000\040\000P\000l\000a\000t\000f\000o\000r\000m}{chapter.214}% 64
\BOOKMARK [1][-]{section.230}{\376\377\0004\000.\0004\000\040\000A\000r\000c\000h\000i\000t\000e\000c\000t\000u\000r\000e}{chapter.214}% 65
\BOOKMARK [2][-]{subsection.236}{\376\377\0004\000.\0004\000.\0001\000\040\000S\000e\000t\000u\000p\000\040\000o\000f\000\040\000C\000o\000u\000c\000h\000b\000a\000s\000e\000\040\000S\000e\000r\000v\000e\000r\000\040\000a\000n\000d\000\040\000S\000y\000n\000c\000\040\000G\000a\000t\000e\000w\000a\000y}{section.230}% 66
\BOOKMARK [1][-]{section.237}{\376\377\0004\000.\0005\000\040\000S\000e\000n\000s\000o\000r\000s\000\040\000L\000a\000y\000e\000r\000s}{chapter.214}% 67
\BOOKMARK [1][-]{section.238}{\376\377\0004\000.\0006\000\040\000A\000p\000p\000l\000i\000c\000a\000t\000i\000o\000n\000\040\000L\000o\000g\000i\000c}{chapter.214}% 68
\BOOKMARK [1][-]{section.239}{\376\377\0004\000.\0007\000\040\000P\000r\000e\000s\000e\000n\000t\000a\000t\000i\000o\000n\000\040\000L\000a\000y\000e\000r}{chapter.214}% 69
\BOOKMARK [0][-]{chapter.240}{\376\377\0005\000\040\000C\000A\000\040\000G\000u\000i\000d\000e\000\040\000B\000a\000c\000k\000\040\000E\000n\000d}{}% 70
\BOOKMARK [1][-]{section.241}{\376\377\0005\000.\0001\000\040\000I\000n\000t\000r\000o\000d\000u\000c\000t\000i\000o\000n}{chapter.240}% 71
\BOOKMARK [1][-]{section.243}{\376\377\0005\000.\0002\000\040\000T\000h\000e\000\040\000T\000a\000r\000g\000e\000t\000\040\000P\000l\000a\000t\000f\000o\000r\000m}{chapter.240}% 72
\BOOKMARK [1][-]{section.244}{\376\377\0005\000.\0003\000\040\000A\000r\000c\000h\000i\000t\000e\000c\000t\000u\000r\000a\000l\000\040\000D\000e\000c\000i\000s\000i\000o\000n\000s}{chapter.240}% 73
\BOOKMARK [2][-]{subsection.245}{\376\377\0005\000.\0003\000.\0001\000\040\000T\000h\000e\000\040\000C\000l\000i\000e\000n\000t\000\040\000a\000n\000d\000\040\000S\000e\000r\000v\000e\000r\000\040\000C\000o\000d\000e\000\040\000G\000a\000p}{section.244}% 74
\BOOKMARK [2][-]{subsection.247}{\376\377\0005\000.\0003\000.\0002\000\040\000S\000o\000l\000u\000t\000i\000o\000n\000\040\000A\000t\000t\000e\000m\000p\000t\000s}{section.244}% 75
\BOOKMARK [3][-]{subsubsection.248}{\376\377\0005\000.\0003\000.\0002\000.\0001\000\040\000I\000m\000p\000r\000o\000v\000e\000d\000\040\000J\000a\000v\000a\000s\000c\000r\000i\000p\000t}{subsection.247}% 76
\BOOKMARK [3][-]{subsubsection.250}{\376\377\0005\000.\0003\000.\0002\000.\0002\000\040\000U\000n\000i\000f\000i\000e\000d\000\040\000P\000r\000o\000g\000r\000a\000m\000m\000i\000n\000g\000\040\000L\000a\000n\000g\000u\000a\000g\000e\000\040\000f\000o\000r\000\040\000S\000e\000r\000v\000e\000r\000\040\000a\000n\000d\000\040\000C\000l\000i\000e\000n\000t\000\040\000C\000o\000d\000e}{subsection.247}% 77
\BOOKMARK [1][-]{section.251}{\376\377\0005\000.\0004\000\040\000S\000e\000t\000t\000i\000n\000g\000\040\000u\000p\000\040\000t\000h\000e\000\040\000D\000e\000v\000e\000l\000o\000p\000m\000e\000n\000t\000\040\000P\000l\000a\000t\000f\000o\000r\000m}{chapter.240}% 78
\BOOKMARK [2][-]{subsection.252}{\376\377\0005\000.\0004\000.\0001\000\040\000P\000r\000o\000j\000e\000c\000t\000\040\000S\000t\000r\000u\000c\000t\000u\000r\000e\000,\000\040\000S\000c\000a\000l\000a\000\040\000a\000n\000d\000\040\000P\000l\000a\000y}{section.251}% 79
\BOOKMARK [2][-]{subsection.253}{\376\377\0005\000.\0004\000.\0002\000\040\000A\000d\000d\000i\000n\000g\000\040\000R\000e\000a\000c\000t\000i\000v\000e\000\040\000C\000o\000u\000c\000h\000b\000a\000s\000e\000\040\000a\000s\000\040\000S\000c\000a\000l\000a\000\040\000D\000a\000t\000a\000b\000a\000s\000e\000\040\000D\000r\000i\000v\000e\000r}{section.251}% 80
\BOOKMARK [2][-]{subsection.271}{\376\377\0005\000.\0004\000.\0003\000\040\000A\000d\000d\000i\000n\000g\000\040\000\265\000P\000i\000c\000k\000l\000e\000\040\000a\000s\000\040\000L\000i\000g\000h\000t\000w\000e\000i\000g\000h\000t\000\040\000S\000e\000r\000i\000a\000l\000i\000z\000a\000t\000i\000o\000n\000\040\000F\000r\000a\000m\000e\000w\000o\000r\000k}{section.251}% 81
\BOOKMARK [2][-]{subsection.279}{\376\377\0005\000.\0004\000.\0004\000\040\000A\000d\000d\000i\000n\000g\000\040\000B\000o\000o\000t\000s\000t\000r\000a\000p\000\040\000a\000s\000\040\000U\000I\000\040\000F\000r\000a\000m\000e\000w\000o\000r\000k}{section.251}% 82
\BOOKMARK [2][-]{subsection.280}{\376\377\0005\000.\0004\000.\0005\000\040\000A\000c\000t\000i\000v\000a\000t\000i\000n\000g\000\040\000t\000h\000e\000\040\000L\000e\000s\000s\000\040\000C\000o\000m\000p\000i\000l\000e\000r}{section.251}% 83
\BOOKMARK [1][-]{section.281}{\376\377\0005\000.\0005\000\040\000A\000r\000c\000h\000i\000t\000e\000c\000t\000u\000r\000e\000\040\000a\000n\000d\000\040\000D\000e\000s\000i\000g\000n}{chapter.240}% 84
\BOOKMARK [2][-]{subsection.282}{\376\377\0005\000.\0005\000.\0001\000\040\000O\000v\000e\000r\000v\000i\000e\000w}{section.281}% 85
\BOOKMARK [2][-]{subsection.283}{\376\377\0005\000.\0005\000.\0002\000\040\000T\000h\000e\000\040\000C\000o\000n\000t\000r\000o\000l\000l\000e\000r}{section.281}% 86
\BOOKMARK [3][-]{subsubsection.284}{\376\377\0005\000.\0005\000.\0002\000.\0001\000\040\000D\000e\000s\000i\000g\000n\000i\000n\000g\000\040\000t\000h\000e\000\040\000R\000E\000S\000T\000\040\000H\000T\000T\000P\000\040\000I\000n\000t\000e\000r\000f\000a\000c\000e}{subsection.283}% 87
\BOOKMARK [3][-]{subsubsection.285}{\376\377\0005\000.\0005\000.\0002\000.\0002\000\040\000C\000o\000n\000t\000r\000o\000l\000l\000e\000r\000\040\000A\000c\000t\000i\000o\000n\000s}{subsection.283}% 88
\BOOKMARK [2][-]{subsection.286}{\376\377\0005\000.\0005\000.\0003\000\040\000T\000h\000e\000\040\000M\000o\000d\000e\000l}{section.281}% 89
\BOOKMARK [3][-]{subsubsection.287}{\376\377\0005\000.\0005\000.\0003\000.\0001\000\040\000D\000e\000s\000i\000g\000n\000i\000n\000g\000\040\000C\000l\000a\000s\000s\000e\000s\000\040\000t\000o\000\040\000C\000r\000o\000s\000s\000-\000C\000o\000m\000p\000i\000l\000e}{subsection.286}% 90
\BOOKMARK [3][-]{subsubsection.288}{\376\377\0005\000.\0005\000.\0003\000.\0002\000\040\000C\000r\000e\000a\000t\000i\000n\000g\000\040\000N\000o\000S\000Q\000L\000\040\000D\000e\000s\000i\000g\000n\000\040\000D\000o\000c\000u\000m\000e\000n\000t\000s}{subsection.286}% 91
\BOOKMARK [3][-]{subsubsection.289}{\376\377\0005\000.\0005\000.\0003\000.\0003\000\040\000A\000c\000c\000e\000s\000s\000i\000n\000g\000\040\000t\000h\000e\000\040\000D\000a\000t\000a\000b\000a\000s\000e\000\040\000u\000s\000i\000n\000g\000\040\000S\000c\000a\000l\000a\000\040\000F\000u\000t\000u\000r\000e\000s}{subsection.286}% 92
\BOOKMARK [2][-]{subsection.291}{\376\377\0005\000.\0005\000.\0004\000\040\000T\000h\000e\000\040\000V\000i\000e\000w}{section.281}% 93
\BOOKMARK [3][-]{subsubsection.292}{\376\377\0005\000.\0005\000.\0004\000.\0001\000\040\000P\000l\000a\000y\000\040\000H\000T\000M\000L\000\040\000T\000e\000m\000p\000l\000a\000t\000e\000s}{subsection.291}% 94
\BOOKMARK [3][-]{subsubsection.293}{\376\377\0005\000.\0005\000.\0004\000.\0002\000\040\000M\000o\000c\000k\000u\000p\000s}{subsection.291}% 95
\BOOKMARK [3][-]{subsubsection.294}{\376\377\0005\000.\0005\000.\0004\000.\0003\000\040\000T\000h\000e\000\040\000C\000l\000i\000e\000n\000t\000\040\000c\000o\000d\000e\000\040\000i\000n\000\040\000S\000c\000a\000l\000a\000.\000j\000s}{subsection.291}% 96
\BOOKMARK [0][-]{chapter.295}{\376\377\0006\000\040\000S\000y\000s\000t\000e\000m\000\040\000R\000e\000v\000i\000e\000w}{}% 97
\BOOKMARK [1][-]{section.296}{\376\377\0006\000.\0001\000\040\000I\000n\000t\000r\000o\000d\000u\000c\000t\000i\000o\000n}{chapter.295}% 98
\BOOKMARK [1][-]{section.297}{\376\377\0006\000.\0002\000\040\000M\000o\000d\000e\000l\000l\000i\000n\000g\000\040\000t\000h\000e\000\040\000T\000e\000c\000h\000\040\000C\000e\000n\000t\000e\000r}{chapter.295}% 99
\BOOKMARK [2][-]{subsection.298}{\376\377\0006\000.\0002\000.\0001\000\040\000I\000n\000d\000o\000o\000r\000\040\000M\000o\000d\000e\000l\000l\000i\000n\000g}{section.297}% 100
\BOOKMARK [2][-]{subsection.299}{\376\377\0006\000.\0002\000.\0002\000\040\000O\000u\000t\000d\000o\000o\000r\000\040\000M\000o\000d\000e\000l\000l\000i\000n\000g}{section.297}% 101
\BOOKMARK [1][-]{section.300}{\376\377\0006\000.\0003\000\040\000T\000e\000s\000t\000i\000n\000g\000\040\000t\000h\000e\000\040\000C\000A\000\040\000G\000u\000i\000d\000e\000\040\000F\000r\000o\000n\000t\000\040\000E\000n\000d}{chapter.295}% 102
\BOOKMARK [1][-]{section.301}{\376\377\0006\000.\0004\000\040\000A\000n\000a\000l\000y\000t\000i\000c\000s\000\040\000w\000i\000t\000h\000\040\000t\000h\000e\000\040\000C\000A\000\040\000G\000u\000i\000d\000e\000\040\000B\000a\000c\000k\000\040\000E\000n\000d}{chapter.295}% 103
\BOOKMARK [0][-]{chapter.302}{\376\377\0007\000\040\000C\000o\000n\000c\000l\000u\000s\000i\000o\000n}{}% 104
\BOOKMARK [1][-]{section.303}{\376\377\0007\000.\0001\000\040\000S\000u\000m\000m\000a\000r\000y}{chapter.302}% 105
\BOOKMARK [2][-]{subsection.304}{\376\377\0007\000.\0001\000.\0001\000\040\000T\000h\000e\000\040\000C\000A\000\040\000G\000u\000i\000d\000e}{section.303}% 106
\BOOKMARK [2][-]{subsection.305}{\376\377\0007\000.\0001\000.\0002\000\040\000S\000w\000i\000f\000t\000\040\000a\000n\000d\000\040\000S\000c\000a\000l\000a}{section.303}% 107
\BOOKMARK [1][-]{section.306}{\376\377\0007\000.\0002\000\040\000F\000u\000t\000u\000r\000e\000\040\000W\000o\000r\000k}{chapter.302}% 108
\BOOKMARK [0][-]{appendix.307}{\376\377\000A\000\040\000J\000S\000O\000N\000\040\000S\000i\000t\000e\000\040\000M\000o\000d\000e\000l\000l\000i\000n\000g\000\040\000F\000i\000l\000e}{}% 109
\BOOKMARK [0][-]{dummy.308}{\376\377\000B\000i\000b\000l\000i\000o\000g\000r\000a\000p\000h\000y}{}% 110
