\BOOKMARK [0][-]{chapter*.1}{Ehrenw\366rtliche Erkl\344rung}{}% 1
\BOOKMARK [0][-]{chapter.1}{Chapter Title Here}{}% 2
\BOOKMARK [1][-]{section.1.1}{Welcome and Thank You}{chapter.1}% 3
\BOOKMARK [1][-]{section.1.2}{Learning LaTeX}{chapter.1}% 4
\BOOKMARK [2][-]{subsection.1.2.1}{A \(not so short\) Introduction to LaTeX}{section.1.2}% 5
\BOOKMARK [2][-]{subsection.1.2.2}{A Short Math Guide for LaTeX}{section.1.2}% 6
\BOOKMARK [2][-]{subsection.1.2.3}{Common LaTeX Math Symbols}{section.1.2}% 7
\BOOKMARK [2][-]{subsection.1.2.4}{LaTeX on a Mac}{section.1.2}% 8
\BOOKMARK [1][-]{section.1.3}{Getting Started with this Template}{chapter.1}% 9
\BOOKMARK [2][-]{subsection.1.3.1}{About this Template}{section.1.3}% 10
\BOOKMARK [1][-]{section.1.4}{What this Template Includes}{chapter.1}% 11
\BOOKMARK [2][-]{subsection.1.4.1}{Folders}{section.1.4}% 12
\BOOKMARK [2][-]{subsection.1.4.2}{Files}{section.1.4}% 13
\BOOKMARK [1][-]{section.1.5}{Filling in the `Thesis.cls' File}{chapter.1}% 14
\BOOKMARK [1][-]{section.1.6}{The `Thesis.tex' File Explained}{chapter.1}% 15
\BOOKMARK [1][-]{section.1.7}{Thesis Features and Conventions}{chapter.1}% 16
\BOOKMARK [2][-]{subsection.1.7.1}{Printing Format}{section.1.7}% 17
\BOOKMARK [2][-]{subsection.1.7.2}{Using US Letter Paper}{section.1.7}% 18
\BOOKMARK [2][-]{subsection.1.7.3}{References}{section.1.7}% 19
\BOOKMARK [2][-]{subsection.1.7.4}{Figures}{section.1.7}% 20
\BOOKMARK [2][-]{subsection.1.7.5}{Typesetting mathematics}{section.1.7}% 21
\BOOKMARK [1][-]{section.1.8}{Sectioning and Subsectioning}{chapter.1}% 22
\BOOKMARK [1][-]{section.1.9}{In Closing}{chapter.1}% 23
